This file contains any messages produced by compilers while
running configure, to aid debugging if configure makes a mistake.

It was created by Google C++ Mocking Framework configure 1.8.0, which was
generated by GNU Autoconf 2.71.  Invocation command line was

  $ ./configure --disable-option-checking --prefix=/Users/xuyc/repo/github/FeigeChat-Desktop/src/3rd-party/lib --with-protoc=protoc --disable-shared --cache-file=/dev/null --srcdir=.

## --------- ##
## Platform. ##
## --------- ##

hostname = meki-mac-pro.local
uname -m = x86_64
uname -r = 21.3.0
uname -s = Darwin
uname -v = Darwin Kernel Version 21.3.0: Wed Jan  5 21:37:58 PST 2022; root:xnu-8019.80.24~20/RELEASE_X86_64

/usr/bin/uname -p = i386
/bin/uname -X     = unknown

/bin/arch              = unknown
/usr/bin/arch -k       = unknown
/usr/convex/getsysinfo = unknown
/usr/bin/hostinfo      = Mach kernel version:
	 Darwin Kernel Version 21.3.0: Wed Jan  5 21:37:58 PST 2022; root:xnu-8019.80.24~20/RELEASE_X86_64
Kernel configured for up to 8 processors.
4 processors are physically available.
8 processors are logically available.
Processor type: x86_64h (Intel x86-64h Haswell)
Processors active: 0 1 2 3 4 5 6 7
Primary memory available: 16.00 gigabytes
Default processor set: 557 tasks, 2313 threads, 8 processors
Load average: 9.38, Mach factor: 1.43
/bin/machine           = unknown
/usr/bin/oslevel       = unknown
/bin/universe          = unknown

PATH: /Users/xuyc/Qt/6.2.0/macos/bin/
PATH: /Users/xuyc/repo/github/vcpkg/
PATH: /usr/local/bin/
PATH: /usr/bin/
PATH: /bin/
PATH: /usr/sbin/
PATH: /sbin/
PATH: /Applications/VMware Fusion.app/Contents/Public/
PATH: /usr/local/go/bin/
PATH: /usr/local/share/dotnet/
PATH: ~/.dotnet/tools/
PATH: /Library/Apple/usr/bin/
PATH: /Library/Frameworks/Mono.framework/Versions/Current/Commands/
PATH: /usr/local/Cellar/go/1.18.1/libexec/bin/
PATH: /Users/xuyc/repo/go/bin/
PATH: /Users/xuyc/share/flutter/bin/
PATH: /Users/xuyc/share/
PATH: /Users/xuyc/apache-maven-3.6.1/bin/
PATH: /Users/xuyc/.pub-cache/bin/
PATH: /usr/local/Cellar/protobuf/3.17.3/bin/
PATH: /Users/xuyc/.rvm/bin/


## ----------- ##
## Core tests. ##
## ----------- ##

configure:2756: looking for aux files: config.guess config.sub ltmain.sh compile missing install-sh
configure:2769:  trying ./build-aux/
configure:2798:   ./build-aux/config.guess found
configure:2798:   ./build-aux/config.sub found
configure:2798:   ./build-aux/ltmain.sh found
configure:2798:   ./build-aux/compile found
configure:2798:   ./build-aux/missing found
configure:2780:   ./build-aux/install-sh found
configure:2942: checking for a BSD-compatible install
configure:3015: result: /usr/local/bin/ginstall -c
configure:3026: checking whether build environment is sane
configure:3081: result: yes
configure:3240: checking for a race-free mkdir -p
configure:3284: result: /usr/local/bin/gmkdir -p
configure:3291: checking for gawk
configure:3326: result: no
configure:3291: checking for mawk
configure:3326: result: no
configure:3291: checking for nawk
configure:3326: result: no
configure:3291: checking for awk
configure:3312: found /usr/bin/awk
configure:3323: result: awk
configure:3334: checking whether make sets $(MAKE)
configure:3357: result: yes
configure:3387: checking whether make supports nested variables
configure:3405: result: yes
configure:3605: checking for gcc
configure:3626: found /usr/bin/gcc
configure:3637: result: gcc
configure:3990: checking for C compiler version
configure:3999: gcc --version >&5
Apple clang version 13.0.0 (clang-1300.0.29.30)
Target: x86_64-apple-darwin21.3.0
Thread model: posix
InstalledDir: /Applications/Xcode.app/Contents/Developer/Toolchains/XcodeDefault.xctoolchain/usr/bin
Configured with: --prefix=/Applications/Xcode.app/Contents/Developer/usr --with-gxx-include-dir=/Applications/Xcode.app/Contents/Developer/Platforms/MacOSX.platform/Developer/SDKs/MacOSX.sdk/usr/include/c++/4.2.1
configure:4010: $? = 0
configure:3999: gcc -v >&5
Configured with: --prefix=/Applications/Xcode.app/Contents/Developer/usr --with-gxx-include-dir=/Applications/Xcode.app/Contents/Developer/Platforms/MacOSX.platform/Developer/SDKs/MacOSX.sdk/usr/include/c++/4.2.1
Apple clang version 13.0.0 (clang-1300.0.29.30)
Target: x86_64-apple-darwin21.3.0
Thread model: posix
InstalledDir: /Applications/Xcode.app/Contents/Developer/Toolchains/XcodeDefault.xctoolchain/usr/bin
configure:4010: $? = 0
configure:3999: gcc -V >&5
clang: error: argument to '-V' is missing (expected 1 value)
clang: error: no input files
configure:4010: $? = 1
configure:3999: gcc -qversion >&5
clang: error: unknown argument '-qversion'; did you mean '--version'?
clang: error: no input files
configure:4010: $? = 1
configure:3999: gcc -version >&5
clang: error: unknown argument '-version'; did you mean '--version'?
clang: error: no input files
configure:4010: $? = 1
configure:4030: checking whether the C compiler works
configure:4052: gcc    conftest.c  >&5
configure:4056: $? = 0
configure:4106: result: yes
configure:4109: checking for C compiler default output file name
configure:4111: result: a.out
configure:4117: checking for suffix of executables
configure:4124: gcc -o conftest    conftest.c  >&5
configure:4128: $? = 0
configure:4151: result: 
configure:4173: checking whether we are cross compiling
configure:4181: gcc -o conftest    conftest.c  >&5
configure:4185: $? = 0
configure:4192: ./conftest
configure:4196: $? = 0
configure:4211: result: no
configure:4216: checking for suffix of object files
configure:4239: gcc -c   conftest.c >&5
configure:4243: $? = 0
configure:4265: result: o
configure:4269: checking whether the compiler supports GNU C
configure:4289: gcc -c   conftest.c >&5
configure:4289: $? = 0
configure:4299: result: yes
configure:4310: checking whether gcc accepts -g
configure:4331: gcc -c -g  conftest.c >&5
configure:4331: $? = 0
configure:4375: result: yes
configure:4395: checking for gcc option to enable C11 features
configure:4410: gcc  -c   conftest.c >&5
configure:4410: $? = 0
configure:4428: result: none needed
configure:4544: checking whether gcc understands -c and -o together
configure:4567: gcc -c conftest.c -o conftest2.o
configure:4570: $? = 0
configure:4567: gcc -c conftest.c -o conftest2.o
configure:4570: $? = 0
configure:4582: result: yes
configure:4602: checking whether make supports the include directive
configure:4617: make -f confmf.GNU && cat confinc.out
this is the am__doit target
configure:4620: $? = 0
configure:4639: result: yes (GNU style)
configure:4665: checking dependency style of gcc
configure:4777: result: gcc3
configure:4861: checking for g++
configure:4882: found /usr/bin/g++
configure:4893: result: g++
configure:4920: checking for C++ compiler version
configure:4929: g++ --version >&5
Apple clang version 13.0.0 (clang-1300.0.29.30)
Target: x86_64-apple-darwin21.3.0
Thread model: posix
InstalledDir: /Applications/Xcode.app/Contents/Developer/Toolchains/XcodeDefault.xctoolchain/usr/bin
Configured with: --prefix=/Applications/Xcode.app/Contents/Developer/usr --with-gxx-include-dir=/Applications/Xcode.app/Contents/Developer/Platforms/MacOSX.platform/Developer/SDKs/MacOSX.sdk/usr/include/c++/4.2.1
configure:4940: $? = 0
configure:4929: g++ -v >&5
Configured with: --prefix=/Applications/Xcode.app/Contents/Developer/usr --with-gxx-include-dir=/Applications/Xcode.app/Contents/Developer/Platforms/MacOSX.platform/Developer/SDKs/MacOSX.sdk/usr/include/c++/4.2.1
Apple clang version 13.0.0 (clang-1300.0.29.30)
Target: x86_64-apple-darwin21.3.0
Thread model: posix
InstalledDir: /Applications/Xcode.app/Contents/Developer/Toolchains/XcodeDefault.xctoolchain/usr/bin
configure:4940: $? = 0
configure:4929: g++ -V >&5
clang: error: argument to '-V' is missing (expected 1 value)
clang: error: no input files
configure:4940: $? = 1
configure:4929: g++ -qversion >&5
clang: error: unknown argument '-qversion'; did you mean '--version'?
clang: error: no input files
configure:4940: $? = 1
configure:4944: checking whether the compiler supports GNU C++
configure:4964: g++ -c  -g -std=c++11 -DNDEBUG  conftest.cpp >&5
configure:4964: $? = 0
configure:4974: result: yes
configure:4985: checking whether g++ accepts -g
configure:5006: g++ -c -g  conftest.cpp >&5
configure:5006: $? = 0
configure:5050: result: yes
configure:5070: checking for g++ option to enable C++11 features
configure:5085: g++  -c  -g -std=c++11 -DNDEBUG  conftest.cpp >&5
conftest.cpp:177:25: warning: empty parentheses interpreted as a function declaration [-Wvexing-parse]
  cxx11test::delegate d2();
                        ^~
conftest.cpp:177:25: note: remove parentheses to declare a variable
  cxx11test::delegate d2();
                        ^~
1 warning generated.
configure:5085: $? = 0
configure:5103: result: none needed
configure:5169: checking dependency style of g++
configure:5281: result: gcc3
configure:5334: checking build system type
configure:5349: result: x86_64-apple-darwin21.3.0
configure:5369: checking host system type
configure:5383: result: x86_64-apple-darwin21.3.0
configure:5424: checking how to print strings
configure:5451: result: printf
configure:5472: checking for a sed that does not truncate output
configure:5542: result: /usr/bin/sed
configure:5560: checking for grep that handles long lines and -e
configure:5624: result: /usr/bin/grep
configure:5629: checking for egrep
configure:5697: result: /usr/bin/grep -E
configure:5702: checking for fgrep
configure:5770: result: /usr/bin/grep -F
configure:5806: checking for ld used by gcc
configure:5874: result: /Applications/Xcode.app/Contents/Developer/Toolchains/XcodeDefault.xctoolchain/usr/bin/ld
configure:5881: checking if the linker (/Applications/Xcode.app/Contents/Developer/Toolchains/XcodeDefault.xctoolchain/usr/bin/ld) is GNU ld
configure:5897: result: no
configure:5909: checking for BSD- or MS-compatible name lister (nm)
configure:5964: result: /usr/bin/nm -B
configure:6104: checking the name lister (/usr/bin/nm -B) interface
configure:6112: g++ -c  -g -std=c++11 -DNDEBUG  conftest.cpp >&5
configure:6115: /usr/bin/nm -B "conftest.o"
configure:6118: output
0000000000000294 S _some_variable
configure:6125: result: BSD nm
configure:6128: checking whether ln -s works
configure:6132: result: yes
configure:6140: checking the maximum length of command line arguments
configure:6272: result: 786432
configure:6320: checking how to convert x86_64-apple-darwin21.3.0 file names to x86_64-apple-darwin21.3.0 format
configure:6361: result: func_convert_file_noop
configure:6368: checking how to convert x86_64-apple-darwin21.3.0 file names to toolchain format
configure:6389: result: func_convert_file_noop
configure:6396: checking for /Applications/Xcode.app/Contents/Developer/Toolchains/XcodeDefault.xctoolchain/usr/bin/ld option to reload object files
configure:6404: result: -r
configure:6483: checking for file
configure:6504: found /usr/bin/file
configure:6515: result: file
configure:6591: checking for objdump
configure:6612: found /usr/bin/objdump
configure:6623: result: objdump
configure:6655: checking how to recognize dependent libraries
configure:6856: result: pass_all
configure:6946: checking for dlltool
configure:6981: result: no
configure:7011: checking how to associate runtime and link libraries
configure:7039: result: printf %s\n
configure:7105: checking for ar
configure:7126: found /usr/bin/ar
configure:7137: result: ar
configure:7190: checking for archiver @FILE support
configure:7208: g++ -c  -g -std=c++11 -DNDEBUG  conftest.cpp >&5
configure:7208: $? = 0
configure:7212: ar cr libconftest.a @conftest.lst >&5
ar: @conftest.lst: No such file or directory
configure:7215: $? = 1
configure:7235: result: no
configure:7298: checking for strip
configure:7319: found /usr/bin/strip
configure:7330: result: strip
configure:7407: checking for ranlib
configure:7428: found /usr/bin/ranlib
configure:7439: result: ranlib
configure:7541: checking command to parse /usr/bin/nm -B output from gcc object
configure:7695: g++ -c  -g -std=c++11 -DNDEBUG  conftest.cpp >&5
configure:7698: $? = 0
configure:7702: /usr/bin/nm -B conftest.o \| /usr/bin/sed -n -e 's/^.*[ ]\([BCDEGRST][BCDEGRST]*\)[ ][ ]*\([_A-Za-z][_A-Za-z0-9]*\)$/\1 \2 \2/p' | /usr/bin/sed '/ __gnu_lto/d' \> conftest.nm
configure:7705: $? = 0
cannot find nm_test_var in conftest.nm
configure:7695: g++ -c  -g -std=c++11 -DNDEBUG  conftest.cpp >&5
configure:7698: $? = 0
configure:7702: /usr/bin/nm -B conftest.o \| /usr/bin/sed -n -e 's/^.*[ ]\([BCDEGRST][BCDEGRST]*\)[ ][ ]*_\([_A-Za-z][_A-Za-z0-9]*\)$/\1 _\2 \2/p' | /usr/bin/sed '/ __gnu_lto/d' \> conftest.nm
configure:7705: $? = 0
configure:7771: g++ -o conftest  -g -std=c++11 -DNDEBUG   conftest.cpp conftstm.o >&5
configure:7774: $? = 0
configure:7812: result: ok
configure:7859: checking for sysroot
configure:7890: result: no
configure:7897: checking for a working dd
configure:7941: result: /bin/dd
configure:7945: checking how to truncate binary pipes
configure:7961: result: /bin/dd bs=4096 count=1
configure:8299: checking for mt
configure:8334: result: no
configure:8354: checking if : is a manifest tool
configure:8361: : '-?'
configure:8369: result: no
configure:8430: checking for dsymutil
configure:8451: found /usr/bin/dsymutil
configure:8462: result: dsymutil
configure:8532: checking for nmedit
configure:8553: found /usr/bin/nmedit
configure:8564: result: nmedit
configure:8634: checking for lipo
configure:8655: found /usr/bin/lipo
configure:8666: result: lipo
configure:8736: checking for otool
configure:8757: found /usr/bin/otool
configure:8768: result: otool
configure:8838: checking for otool64
configure:8873: result: no
configure:8918: checking for -single_module linker flag
gcc   -o libconftest.dylib -dynamiclib -Wl,-single_module conftest.c
configure:8952: result: yes
configure:8955: checking for -exported_symbols_list linker flag
configure:8976: g++ -o conftest  -g -std=c++11 -DNDEBUG   -Wl,-exported_symbols_list,conftest.sym conftest.cpp  >&5
configure:8976: $? = 0
configure:8987: result: yes
configure:8990: checking for -force_load linker flag
gcc  -c -o conftest.o conftest.c
ar cr libconftest.a conftest.o
ranlib libconftest.a
gcc   -o conftest conftest.c -Wl,-force_load,./libconftest.a
configure:9023: result: yes
configure:9094: checking for stdio.h
configure:9094: g++ -c  -g -std=c++11 -DNDEBUG  conftest.cpp >&5
configure:9094: $? = 0
configure:9094: result: yes
configure:9094: checking for stdlib.h
configure:9094: g++ -c  -g -std=c++11 -DNDEBUG  conftest.cpp >&5
configure:9094: $? = 0
configure:9094: result: yes
configure:9094: checking for string.h
configure:9094: g++ -c  -g -std=c++11 -DNDEBUG  conftest.cpp >&5
configure:9094: $? = 0
configure:9094: result: yes
configure:9094: checking for inttypes.h
configure:9094: g++ -c  -g -std=c++11 -DNDEBUG  conftest.cpp >&5
configure:9094: $? = 0
configure:9094: result: yes
configure:9094: checking for stdint.h
configure:9094: g++ -c  -g -std=c++11 -DNDEBUG  conftest.cpp >&5
configure:9094: $? = 0
configure:9094: result: yes
configure:9094: checking for strings.h
configure:9094: g++ -c  -g -std=c++11 -DNDEBUG  conftest.cpp >&5
configure:9094: $? = 0
configure:9094: result: yes
configure:9094: checking for sys/stat.h
configure:9094: g++ -c  -g -std=c++11 -DNDEBUG  conftest.cpp >&5
configure:9094: $? = 0
configure:9094: result: yes
configure:9094: checking for sys/types.h
configure:9094: g++ -c  -g -std=c++11 -DNDEBUG  conftest.cpp >&5
configure:9094: $? = 0
configure:9094: result: yes
configure:9094: checking for unistd.h
configure:9094: g++ -c  -g -std=c++11 -DNDEBUG  conftest.cpp >&5
configure:9094: $? = 0
configure:9094: result: yes
configure:9119: checking for dlfcn.h
configure:9119: g++ -c  -g -std=c++11 -DNDEBUG  conftest.cpp >&5
configure:9119: $? = 0
configure:9119: result: yes
configure:9388: checking for objdir
configure:9404: result: .libs
configure:9664: checking if gcc supports -fno-rtti -fno-exceptions
configure:9683: gcc -c   -fno-rtti -fno-exceptions conftest.c >&5
configure:9687: $? = 0
configure:9700: result: yes
configure:10058: checking for gcc option to produce PIC
configure:10066: result: -fno-common -DPIC
configure:10074: checking if gcc PIC flag -fno-common -DPIC works
configure:10093: gcc -c   -fno-common -DPIC -DPIC conftest.c >&5
configure:10097: $? = 0
configure:10110: result: yes
configure:10139: checking if gcc static flag -static works
configure:10168: result: no
configure:10183: checking if gcc supports -c -o file.o
configure:10205: gcc -c   -o out/conftest2.o conftest.c >&5
configure:10209: $? = 0
configure:10231: result: yes
configure:10239: checking if gcc supports -c -o file.o
configure:10287: result: yes
configure:10320: checking whether the gcc linker (/Applications/Xcode.app/Contents/Developer/Toolchains/XcodeDefault.xctoolchain/usr/bin/ld) supports shared libraries
configure:11588: result: yes
configure:11829: checking dynamic linker characteristics
configure:12650: result: darwin21.3.0 dyld
configure:12772: checking how to hardcode library paths into programs
configure:12797: result: immediate
configure:13349: checking whether stripping libraries is possible
configure:13366: result: yes
configure:13400: checking if libtool supports shared libraries
configure:13402: result: yes
configure:13405: checking whether to build shared libraries
configure:13430: result: no
configure:13433: checking whether to build static libraries
configure:13437: result: yes
configure:13460: checking how to run the C++ preprocessor
configure:13482: g++ -E  conftest.cpp
configure:13482: $? = 0
configure:13497: g++ -E  conftest.cpp
conftest.cpp:23:10: fatal error: 'ac_nonexistent.h' file not found
#include <ac_nonexistent.h>
         ^~~~~~~~~~~~~~~~~~
1 error generated.
configure:13497: $? = 1
configure: failed program was:
| /* confdefs.h */
| #define PACKAGE_NAME "Google C++ Mocking Framework"
| #define PACKAGE_TARNAME "gmock"
| #define PACKAGE_VERSION "1.8.0"
| #define PACKAGE_STRING "Google C++ Mocking Framework 1.8.0"
| #define PACKAGE_BUGREPORT "googlemock@googlegroups.com"
| #define PACKAGE_URL ""
| #define PACKAGE "gmock"
| #define VERSION "1.8.0"
| #define HAVE_STDIO_H 1
| #define HAVE_STDLIB_H 1
| #define HAVE_STRING_H 1
| #define HAVE_INTTYPES_H 1
| #define HAVE_STDINT_H 1
| #define HAVE_STRINGS_H 1
| #define HAVE_SYS_STAT_H 1
| #define HAVE_SYS_TYPES_H 1
| #define HAVE_UNISTD_H 1
| #define STDC_HEADERS 1
| #define HAVE_DLFCN_H 1
| #define LT_OBJDIR ".libs/"
| /* end confdefs.h.  */
| #include <ac_nonexistent.h>
configure:13524: result: g++ -E
configure:13538: g++ -E  conftest.cpp
configure:13538: $? = 0
configure:13553: g++ -E  conftest.cpp
conftest.cpp:23:10: fatal error: 'ac_nonexistent.h' file not found
#include <ac_nonexistent.h>
         ^~~~~~~~~~~~~~~~~~
1 error generated.
configure:13553: $? = 1
configure: failed program was:
| /* confdefs.h */
| #define PACKAGE_NAME "Google C++ Mocking Framework"
| #define PACKAGE_TARNAME "gmock"
| #define PACKAGE_VERSION "1.8.0"
| #define PACKAGE_STRING "Google C++ Mocking Framework 1.8.0"
| #define PACKAGE_BUGREPORT "googlemock@googlegroups.com"
| #define PACKAGE_URL ""
| #define PACKAGE "gmock"
| #define VERSION "1.8.0"
| #define HAVE_STDIO_H 1
| #define HAVE_STDLIB_H 1
| #define HAVE_STRING_H 1
| #define HAVE_INTTYPES_H 1
| #define HAVE_STDINT_H 1
| #define HAVE_STRINGS_H 1
| #define HAVE_SYS_STAT_H 1
| #define HAVE_SYS_TYPES_H 1
| #define HAVE_UNISTD_H 1
| #define STDC_HEADERS 1
| #define HAVE_DLFCN_H 1
| #define LT_OBJDIR ".libs/"
| /* end confdefs.h.  */
| #include <ac_nonexistent.h>
configure:13718: checking for ld used by g++
configure:13786: result: /Applications/Xcode.app/Contents/Developer/Toolchains/XcodeDefault.xctoolchain/usr/bin/ld
configure:13793: checking if the linker (/Applications/Xcode.app/Contents/Developer/Toolchains/XcodeDefault.xctoolchain/usr/bin/ld) is GNU ld
configure:13809: result: no
configure:13864: checking whether the g++ linker (/Applications/Xcode.app/Contents/Developer/Toolchains/XcodeDefault.xctoolchain/usr/bin/ld) supports shared libraries
configure:14942: result: yes
configure:14978: g++ -c  -g -std=c++11 -DNDEBUG  conftest.cpp >&5
configure:14981: $? = 0
configure:15462: checking for g++ option to produce PIC
configure:15470: result: -fno-common -DPIC
configure:15478: checking if g++ PIC flag -fno-common -DPIC works
configure:15497: g++ -c  -g -std=c++11 -DNDEBUG  -fno-common -DPIC -DPIC conftest.cpp >&5
configure:15501: $? = 0
configure:15514: result: yes
configure:15537: checking if g++ static flag -static works
configure:15566: result: no
configure:15578: checking if g++ supports -c -o file.o
configure:15600: g++ -c  -g -std=c++11 -DNDEBUG  -o out/conftest2.o conftest.cpp >&5
configure:15604: $? = 0
configure:15626: result: yes
configure:15631: checking if g++ supports -c -o file.o
configure:15679: result: yes
configure:15709: checking whether the g++ linker (/Applications/Xcode.app/Contents/Developer/Toolchains/XcodeDefault.xctoolchain/usr/bin/ld) supports shared libraries
configure:15749: result: yes
configure:15891: checking dynamic linker characteristics
configure:16639: result: darwin21.3.0 dyld
configure:16704: checking how to hardcode library paths into programs
configure:16729: result: immediate
configure:16799: checking for python
configure:16822: found /usr/bin/python
configure:16835: result: /usr/bin/python
configure:16854: /usr/bin/python -c import sys # split strings by '.' and convert to numeric. Append some zeros # because we need at least 4 digits for the hex conversion. # map returns an iterator in Python 3.0 and a list in 2.x minver = list(map(int, '2.3'.split('.'))) + [0, 0, 0] minverhex = 0 # xrange is not present in Python 3.0 and range returns an iterator for i in list(range(0, 4)): minverhex = (minverhex << 8) + minver[i] sys.exit(sys.hexversion < minverhex)
configure:16857: $? = 0
configure:17058: checking for the pthreads library -lpthreads
configure:17091: gcc -o conftest     conftest.c -lpthreads  >&5
conftest.c:28:41: warning: null passed to a callee that requires a non-null argument [-Wnonnull]
                     pthread_attr_init(0); pthread_cleanup_push(0, 0);
                                       ~^
conftest.c:29:44: warning: null passed to a callee that requires a non-null argument [-Wnonnull]
                     pthread_create(0,0,0,0); pthread_cleanup_pop(0);
                                    ~      ^
conftest.c:29:44: warning: null passed to a callee that requires a non-null argument [-Wnonnull]
                     pthread_create(0,0,0,0); pthread_cleanup_pop(0);
                                        ~  ^
3 warnings generated.
ld: library not found for -lpthreads
clang: error: linker command failed with exit code 1 (use -v to see invocation)
configure:17091: $? = 1
configure: failed program was:
| /* confdefs.h */
| #define PACKAGE_NAME "Google C++ Mocking Framework"
| #define PACKAGE_TARNAME "gmock"
| #define PACKAGE_VERSION "1.8.0"
| #define PACKAGE_STRING "Google C++ Mocking Framework 1.8.0"
| #define PACKAGE_BUGREPORT "googlemock@googlegroups.com"
| #define PACKAGE_URL ""
| #define PACKAGE "gmock"
| #define VERSION "1.8.0"
| #define HAVE_STDIO_H 1
| #define HAVE_STDLIB_H 1
| #define HAVE_STRING_H 1
| #define HAVE_INTTYPES_H 1
| #define HAVE_STDINT_H 1
| #define HAVE_STRINGS_H 1
| #define HAVE_SYS_STAT_H 1
| #define HAVE_SYS_TYPES_H 1
| #define HAVE_UNISTD_H 1
| #define STDC_HEADERS 1
| #define HAVE_DLFCN_H 1
| #define LT_OBJDIR ".libs/"
| /* end confdefs.h.  */
| #include <pthread.h>
| int
| main (void)
| {
| pthread_t th; pthread_join(th, 0);
|                      pthread_attr_init(0); pthread_cleanup_push(0, 0);
|                      pthread_create(0,0,0,0); pthread_cleanup_pop(0);
|   ;
|   return 0;
| }
configure:17101: result: no
configure:16998: checking whether pthreads work without any flags
configure:17091: gcc -o conftest     conftest.c   >&5
conftest.c:28:41: warning: null passed to a callee that requires a non-null argument [-Wnonnull]
                     pthread_attr_init(0); pthread_cleanup_push(0, 0);
                                       ~^
conftest.c:29:44: warning: null passed to a callee that requires a non-null argument [-Wnonnull]
                     pthread_create(0,0,0,0); pthread_cleanup_pop(0);
                                    ~      ^
conftest.c:29:44: warning: null passed to a callee that requires a non-null argument [-Wnonnull]
                     pthread_create(0,0,0,0); pthread_cleanup_pop(0);
                                        ~  ^
3 warnings generated.
configure:17091: $? = 0
configure:17101: result: yes
configure:17120: checking for joinable pthread attribute
configure:17135: gcc -o conftest     conftest.c   >&5
configure:17135: $? = 0
configure:17142: result: PTHREAD_CREATE_JOINABLE
configure:17150: checking if more special flags are required for pthreads
configure:17157: result: -D_THREAD_SAFE
configure:17251: checking whether to check for GCC pthread/shared inconsistencies
configure:17264: gcc -o conftest -shared -fPIC -Wl,-z,defs  -D_THREAD_SAFE    conftest.c   >&5
ld: unknown option: -z
clang: error: linker command failed with exit code 1 (use -v to see invocation)
configure:17264: $? = 1
configure: failed program was:
| /* confdefs.h */
| #define PACKAGE_NAME "Google C++ Mocking Framework"
| #define PACKAGE_TARNAME "gmock"
| #define PACKAGE_VERSION "1.8.0"
| #define PACKAGE_STRING "Google C++ Mocking Framework 1.8.0"
| #define PACKAGE_BUGREPORT "googlemock@googlegroups.com"
| #define PACKAGE_URL ""
| #define PACKAGE "gmock"
| #define VERSION "1.8.0"
| #define HAVE_STDIO_H 1
| #define HAVE_STDLIB_H 1
| #define HAVE_STRING_H 1
| #define HAVE_INTTYPES_H 1
| #define HAVE_STDINT_H 1
| #define HAVE_STRINGS_H 1
| #define HAVE_SYS_STAT_H 1
| #define HAVE_SYS_TYPES_H 1
| #define HAVE_UNISTD_H 1
| #define STDC_HEADERS 1
| #define HAVE_DLFCN_H 1
| #define LT_OBJDIR ".libs/"
| /* end confdefs.h.  */
| 
| int
| main (void)
| {
| 
|   ;
|   return 0;
| }
configure:17274: result: no
configure:17512: checking for gtest-config
configure:17550: result: no
configure:17704: checking that generated files are newer than configure
configure:17710: result: done
configure:17745: creating ./config.status

## ---------------------- ##
## Running config.status. ##
## ---------------------- ##

This file was extended by Google C++ Mocking Framework config.status 1.8.0, which was
generated by GNU Autoconf 2.71.  Invocation command line was

  CONFIG_FILES    = 
  CONFIG_HEADERS  = 
  CONFIG_LINKS    = 
  CONFIG_COMMANDS = 
  $ ./config.status 

on meki-mac-pro.local

config.status:1159: creating Makefile
config.status:1159: creating scripts/gmock-config
config.status:1159: creating build-aux/config.h
config.status:1388: executing depfiles commands
config.status:1466: cd .       && sed -e '/# am--include-marker/d' Makefile         | make -f - am--depfiles
config.status:1471: $? = 0
config.status:1388: executing libtool commands

## ---------------- ##
## Cache variables. ##
## ---------------- ##

ac_cv_build=x86_64-apple-darwin21.3.0
ac_cv_c_compiler_gnu=yes
ac_cv_cxx_compiler_gnu=yes
ac_cv_env_CCC_set=
ac_cv_env_CCC_value=
ac_cv_env_CC_set=
ac_cv_env_CC_value=
ac_cv_env_CFLAGS_set=set
ac_cv_env_CFLAGS_value=
ac_cv_env_CPPFLAGS_set=
ac_cv_env_CPPFLAGS_value=
ac_cv_env_CXXCPP_set=
ac_cv_env_CXXCPP_value=
ac_cv_env_CXXFLAGS_set=set
ac_cv_env_CXXFLAGS_value=' -g -std=c++11 -DNDEBUG'
ac_cv_env_CXX_set=
ac_cv_env_CXX_value=
ac_cv_env_GTEST_CONFIG_set=
ac_cv_env_GTEST_CONFIG_value=
ac_cv_env_GTEST_CPPFLAGS_set=
ac_cv_env_GTEST_CPPFLAGS_value=
ac_cv_env_GTEST_CXXFLAGS_set=
ac_cv_env_GTEST_CXXFLAGS_value=
ac_cv_env_GTEST_LDFLAGS_set=
ac_cv_env_GTEST_LDFLAGS_value=
ac_cv_env_GTEST_LIBS_set=
ac_cv_env_GTEST_LIBS_value=
ac_cv_env_GTEST_VERSION_set=
ac_cv_env_GTEST_VERSION_value=
ac_cv_env_LDFLAGS_set=
ac_cv_env_LDFLAGS_value=
ac_cv_env_LIBS_set=
ac_cv_env_LIBS_value=
ac_cv_env_LT_SYS_LIBRARY_PATH_set=
ac_cv_env_LT_SYS_LIBRARY_PATH_value=
ac_cv_env_build_alias_set=
ac_cv_env_build_alias_value=
ac_cv_env_host_alias_set=
ac_cv_env_host_alias_value=
ac_cv_env_target_alias_set=
ac_cv_env_target_alias_value=
ac_cv_header_dlfcn_h=yes
ac_cv_header_inttypes_h=yes
ac_cv_header_stdint_h=yes
ac_cv_header_stdio_h=yes
ac_cv_header_stdlib_h=yes
ac_cv_header_string_h=yes
ac_cv_header_strings_h=yes
ac_cv_header_sys_stat_h=yes
ac_cv_header_sys_types_h=yes
ac_cv_header_unistd_h=yes
ac_cv_host=x86_64-apple-darwin21.3.0
ac_cv_objext=o
ac_cv_path_EGREP='/usr/bin/grep -E'
ac_cv_path_FGREP='/usr/bin/grep -F'
ac_cv_path_GREP=/usr/bin/grep
ac_cv_path_PYTHON=/usr/bin/python
ac_cv_path_SED=/usr/bin/sed
ac_cv_path_install='/usr/local/bin/ginstall -c'
ac_cv_path_lt_DD=/bin/dd
ac_cv_path_mkdir=/usr/local/bin/gmkdir
ac_cv_prog_AWK=awk
ac_cv_prog_CXXCPP='g++ -E'
ac_cv_prog_ac_ct_AR=ar
ac_cv_prog_ac_ct_CC=gcc
ac_cv_prog_ac_ct_CXX=g++
ac_cv_prog_ac_ct_DSYMUTIL=dsymutil
ac_cv_prog_ac_ct_FILECMD=file
ac_cv_prog_ac_ct_LIPO=lipo
ac_cv_prog_ac_ct_NMEDIT=nmedit
ac_cv_prog_ac_ct_OBJDUMP=objdump
ac_cv_prog_ac_ct_OTOOL=otool
ac_cv_prog_ac_ct_RANLIB=ranlib
ac_cv_prog_ac_ct_STRIP=strip
ac_cv_prog_cc_c11=
ac_cv_prog_cc_g=yes
ac_cv_prog_cc_stdc=
ac_cv_prog_cxx_11=no
ac_cv_prog_cxx_cxx11=
ac_cv_prog_cxx_g=yes
ac_cv_prog_cxx_stdcxx=
ac_cv_prog_make_make_set=yes
am_cv_CC_dependencies_compiler_type=gcc3
am_cv_CXX_dependencies_compiler_type=gcc3
am_cv_make_support_nested_variables=yes
am_cv_prog_cc_c_o=yes
lt_cv_apple_cc_single_mod=yes
lt_cv_ar_at_file=no
lt_cv_deplibs_check_method=pass_all
lt_cv_file_magic_cmd='$MAGIC_CMD'
lt_cv_file_magic_test_file=
lt_cv_ld_exported_symbols_list=yes
lt_cv_ld_force_load=yes
lt_cv_ld_reload_flag=-r
lt_cv_nm_interface='BSD nm'
lt_cv_objdir=.libs
lt_cv_path_LD=/Applications/Xcode.app/Contents/Developer/Toolchains/XcodeDefault.xctoolchain/usr/bin/ld
lt_cv_path_LDCXX=/Applications/Xcode.app/Contents/Developer/Toolchains/XcodeDefault.xctoolchain/usr/bin/ld
lt_cv_path_NM='/usr/bin/nm -B'
lt_cv_path_mainfest_tool=no
lt_cv_prog_compiler_c_o=yes
lt_cv_prog_compiler_c_o_CXX=yes
lt_cv_prog_compiler_pic='-fno-common -DPIC'
lt_cv_prog_compiler_pic_CXX='-fno-common -DPIC'
lt_cv_prog_compiler_pic_works=yes
lt_cv_prog_compiler_pic_works_CXX=yes
lt_cv_prog_compiler_rtti_exceptions=yes
lt_cv_prog_compiler_static_works=no
lt_cv_prog_compiler_static_works_CXX=no
lt_cv_prog_gnu_ld=no
lt_cv_prog_gnu_ldcxx=no
lt_cv_sharedlib_from_linklib_cmd='printf %s\n'
lt_cv_sys_global_symbol_pipe='/usr/bin/sed -n -e '\''s/^.*[	 ]\([BCDEGRST][BCDEGRST]*\)[	 ][	 ]*_\([_A-Za-z][_A-Za-z0-9]*\)$/\1 _\2 \2/p'\'' | /usr/bin/sed '\''/ __gnu_lto/d'\'''
lt_cv_sys_global_symbol_to_c_name_address='/usr/bin/sed -n -e '\''s/^: \(.*\) .*$/  {"\1", (void *) 0},/p'\'' -e '\''s/^[BCDEGRST][BCDEGRST]* .* \(.*\)$/  {"\1", (void *) \&\1},/p'\'''
lt_cv_sys_global_symbol_to_c_name_address_lib_prefix='/usr/bin/sed -n -e '\''s/^: \(.*\) .*$/  {"\1", (void *) 0},/p'\'' -e '\''s/^[BCDEGRST][BCDEGRST]* .* \(lib.*\)$/  {"\1", (void *) \&\1},/p'\'' -e '\''s/^[BCDEGRST][BCDEGRST]* .* \(.*\)$/  {"lib\1", (void *) \&\1},/p'\'''
lt_cv_sys_global_symbol_to_cdecl='/usr/bin/sed -n -e '\''s/^T .* \(.*\)$/extern int \1();/p'\'' -e '\''s/^[BCDEGRST][BCDEGRST]* .* \(.*\)$/extern char \1;/p'\'''
lt_cv_sys_global_symbol_to_import=
lt_cv_sys_max_cmd_len=786432
lt_cv_to_host_file_cmd=func_convert_file_noop
lt_cv_to_tool_file_cmd=func_convert_file_noop
lt_cv_truncate_bin='/bin/dd bs=4096 count=1'

## ----------------- ##
## Output variables. ##
## ----------------- ##

ACLOCAL='${SHELL} '\''/Users/xuyc/repo/github/FeigeChat-Desktop/src/3rd-party/protobuf-3.19.4/third_party/googletest/googlemock/build-aux/missing'\'' aclocal-1.16'
AMDEPBACKSLASH='\'
AMDEP_FALSE='#'
AMDEP_TRUE=''
AMTAR='$${TAR-tar}'
AM_BACKSLASH='\'
AM_DEFAULT_V='$(AM_DEFAULT_VERBOSITY)'
AM_DEFAULT_VERBOSITY='1'
AM_V='$(V)'
AR='ar'
AUTOCONF='${SHELL} '\''/Users/xuyc/repo/github/FeigeChat-Desktop/src/3rd-party/protobuf-3.19.4/third_party/googletest/googlemock/build-aux/missing'\'' autoconf'
AUTOHEADER='${SHELL} '\''/Users/xuyc/repo/github/FeigeChat-Desktop/src/3rd-party/protobuf-3.19.4/third_party/googletest/googlemock/build-aux/missing'\'' autoheader'
AUTOMAKE='${SHELL} '\''/Users/xuyc/repo/github/FeigeChat-Desktop/src/3rd-party/protobuf-3.19.4/third_party/googletest/googlemock/build-aux/missing'\'' automake-1.16'
AWK='awk'
CC='gcc'
CCDEPMODE='depmode=gcc3'
CFLAGS=''
CPPFLAGS=''
CSCOPE='cscope'
CTAGS='ctags'
CXX='g++'
CXXCPP='g++ -E'
CXXDEPMODE='depmode=gcc3'
CXXFLAGS=' -g -std=c++11 -DNDEBUG'
CYGPATH_W='echo'
DEFS='-DHAVE_CONFIG_H'
DEPDIR='.deps'
DLLTOOL='false'
DSYMUTIL='dsymutil'
DUMPBIN=''
ECHO_C='\c'
ECHO_N=''
ECHO_T=''
EGREP='/usr/bin/grep -E'
ETAGS='etags'
EXEEXT=''
FGREP='/usr/bin/grep -F'
FILECMD='file'
GREP='/usr/bin/grep'
GTEST_CONFIG='/Users/xuyc/repo/github/FeigeChat-Desktop/src/3rd-party/protobuf-3.19.4/third_party/googletest/googlemock/../googletest/scripts/gtest-config'
GTEST_CPPFLAGS='-I$(top_srcdir)/../googletest/include'
GTEST_CXXFLAGS='-g'
GTEST_LDFLAGS=''
GTEST_LIBS='$(top_builddir)/../googletest/lib/libgtest.la'
GTEST_VERSION='1.8.0'
HAVE_PTHREADS_FALSE='#'
HAVE_PTHREADS_TRUE=''
HAVE_PYTHON_FALSE='#'
HAVE_PYTHON_TRUE=''
INSTALL_DATA='${INSTALL} -m 644'
INSTALL_PROGRAM='${INSTALL}'
INSTALL_SCRIPT='${INSTALL}'
INSTALL_STRIP_PROGRAM='$(install_sh) -c -s'
LD='/Applications/Xcode.app/Contents/Developer/Toolchains/XcodeDefault.xctoolchain/usr/bin/ld'
LDFLAGS=''
LIBOBJS=''
LIBS=''
LIBTOOL='$(SHELL) $(top_builddir)/libtool'
LIPO='lipo'
LN_S='ln -s'
LTLIBOBJS=''
LT_SYS_LIBRARY_PATH=''
MAKEINFO='${SHELL} '\''/Users/xuyc/repo/github/FeigeChat-Desktop/src/3rd-party/protobuf-3.19.4/third_party/googletest/googlemock/build-aux/missing'\'' makeinfo'
MANIFEST_TOOL=':'
MKDIR_P='/usr/local/bin/gmkdir -p'
NM='/usr/bin/nm -B'
NMEDIT='nmedit'
OBJDUMP='objdump'
OBJEXT='o'
OTOOL64=':'
OTOOL='otool'
PACKAGE='gmock'
PACKAGE_BUGREPORT='googlemock@googlegroups.com'
PACKAGE_NAME='Google C++ Mocking Framework'
PACKAGE_STRING='Google C++ Mocking Framework 1.8.0'
PACKAGE_TARNAME='gmock'
PACKAGE_URL=''
PACKAGE_VERSION='1.8.0'
PATH_SEPARATOR=':'
PTHREAD_CC='gcc'
PTHREAD_CFLAGS='-D_THREAD_SAFE '
PTHREAD_LIBS=''
PYTHON='/usr/bin/python'
RANLIB='ranlib'
SED='/usr/bin/sed'
SET_MAKE=''
SHELL='/bin/sh'
STRIP='strip'
VERSION='1.8.0'
ac_ct_AR='ar'
ac_ct_CC='gcc'
ac_ct_CXX='g++'
ac_ct_DUMPBIN=''
acx_pthread_config=''
am__EXEEXT_FALSE=''
am__EXEEXT_TRUE='#'
am__fastdepCC_FALSE='#'
am__fastdepCC_TRUE=''
am__fastdepCXX_FALSE='#'
am__fastdepCXX_TRUE=''
am__include='include'
am__isrc=''
am__leading_dot='.'
am__nodep='_no'
am__quote=''
am__tar='$${TAR-tar} chof - "$$tardir"'
am__untar='$${TAR-tar} xf -'
bindir='${exec_prefix}/bin'
build='x86_64-apple-darwin21.3.0'
build_alias=''
build_cpu='x86_64'
build_os='darwin21.3.0'
build_vendor='apple'
datadir='${datarootdir}'
datarootdir='${prefix}/share'
docdir='${datarootdir}/doc/${PACKAGE_TARNAME}'
dvidir='${docdir}'
exec_prefix='${prefix}'
host='x86_64-apple-darwin21.3.0'
host_alias=''
host_cpu='x86_64'
host_os='darwin21.3.0'
host_vendor='apple'
htmldir='${docdir}'
includedir='${prefix}/include'
infodir='${datarootdir}/info'
install_sh='${SHELL} /Users/xuyc/repo/github/FeigeChat-Desktop/src/3rd-party/protobuf-3.19.4/third_party/googletest/googlemock/build-aux/install-sh'
libdir='${exec_prefix}/lib'
libexecdir='${exec_prefix}/libexec'
localedir='${datarootdir}/locale'
localstatedir='${prefix}/var'
mandir='${datarootdir}/man'
mkdir_p='$(MKDIR_P)'
oldincludedir='/usr/include'
pdfdir='${docdir}'
prefix='/Users/xuyc/repo/github/FeigeChat-Desktop/src/3rd-party/lib'
program_transform_name='s,x,x,'
psdir='${docdir}'
runstatedir='${localstatedir}/run'
sbindir='${exec_prefix}/sbin'
sharedstatedir='${prefix}/com'
sysconfdir='${prefix}/etc'
target_alias=''

## ----------- ##
## confdefs.h. ##
## ----------- ##

/* confdefs.h */
#define PACKAGE_NAME "Google C++ Mocking Framework"
#define PACKAGE_TARNAME "gmock"
#define PACKAGE_VERSION "1.8.0"
#define PACKAGE_STRING "Google C++ Mocking Framework 1.8.0"
#define PACKAGE_BUGREPORT "googlemock@googlegroups.com"
#define PACKAGE_URL ""
#define PACKAGE "gmock"
#define VERSION "1.8.0"
#define HAVE_STDIO_H 1
#define HAVE_STDLIB_H 1
#define HAVE_STRING_H 1
#define HAVE_INTTYPES_H 1
#define HAVE_STDINT_H 1
#define HAVE_STRINGS_H 1
#define HAVE_SYS_STAT_H 1
#define HAVE_SYS_TYPES_H 1
#define HAVE_UNISTD_H 1
#define STDC_HEADERS 1
#define HAVE_DLFCN_H 1
#define LT_OBJDIR ".libs/"
#define HAVE_PTHREAD 1

configure: exit 0
