This file contains any messages produced by compilers while
running configure, to aid debugging if configure makes a mistake.

It was created by Google C++ Testing Framework configure 1.8.0, which was
generated by GNU Autoconf 2.71.  Invocation command line was

  $ ./configure --disable-option-checking --prefix=/Users/xuyc/repo/github/FeigeChat-Desktop/src/3rd-party/lib --with-protoc=protoc --disable-shared --cache-file=/dev/null --srcdir=.

## --------- ##
## Platform. ##
## --------- ##

hostname = meki-mac-pro.local
uname -m = x86_64
uname -r = 21.3.0
uname -s = Darwin
uname -v = Darwin Kernel Version 21.3.0: Wed Jan  5 21:37:58 PST 2022; root:xnu-8019.80.24~20/RELEASE_X86_64

/usr/bin/uname -p = i386
/bin/uname -X     = unknown

/bin/arch              = unknown
/usr/bin/arch -k       = unknown
/usr/convex/getsysinfo = unknown
/usr/bin/hostinfo      = Mach kernel version:
	 Darwin Kernel Version 21.3.0: Wed Jan  5 21:37:58 PST 2022; root:xnu-8019.80.24~20/RELEASE_X86_64
Kernel configured for up to 8 processors.
4 processors are physically available.
8 processors are logically available.
Processor type: x86_64h (Intel x86-64h Haswell)
Processors active: 0 1 2 3 4 5 6 7
Primary memory available: 16.00 gigabytes
Default processor set: 559 tasks, 2309 threads, 8 processors
Load average: 4.24, Mach factor: 3.97
/bin/machine           = unknown
/usr/bin/oslevel       = unknown
/bin/universe          = unknown

PATH: /Users/xuyc/Qt/6.2.0/macos/bin/
PATH: /Users/xuyc/repo/github/vcpkg/
PATH: /usr/local/bin/
PATH: /usr/bin/
PATH: /bin/
PATH: /usr/sbin/
PATH: /sbin/
PATH: /Applications/VMware Fusion.app/Contents/Public/
PATH: /usr/local/go/bin/
PATH: /usr/local/share/dotnet/
PATH: ~/.dotnet/tools/
PATH: /Library/Apple/usr/bin/
PATH: /Library/Frameworks/Mono.framework/Versions/Current/Commands/
PATH: /usr/local/Cellar/go/1.18.1/libexec/bin/
PATH: /Users/xuyc/repo/go/bin/
PATH: /Users/xuyc/share/flutter/bin/
PATH: /Users/xuyc/share/
PATH: /Users/xuyc/apache-maven-3.6.1/bin/
PATH: /Users/xuyc/.pub-cache/bin/
PATH: /usr/local/Cellar/protobuf/3.17.3/bin/
PATH: /Users/xuyc/.rvm/bin/


## ----------- ##
## Core tests. ##
## ----------- ##

configure:2720: looking for aux files: config.guess config.sub ltmain.sh compile missing install-sh
configure:2733:  trying ./build-aux/
configure:2762:   ./build-aux/config.guess found
configure:2762:   ./build-aux/config.sub found
configure:2762:   ./build-aux/ltmain.sh found
configure:2762:   ./build-aux/compile found
configure:2762:   ./build-aux/missing found
configure:2744:   ./build-aux/install-sh found
configure:2907: checking for a BSD-compatible install
configure:2980: result: /usr/local/bin/ginstall -c
configure:2991: checking whether build environment is sane
configure:3046: result: yes
configure:3205: checking for a race-free mkdir -p
configure:3249: result: /usr/local/bin/gmkdir -p
configure:3256: checking for gawk
configure:3291: result: no
configure:3256: checking for mawk
configure:3291: result: no
configure:3256: checking for nawk
configure:3291: result: no
configure:3256: checking for awk
configure:3277: found /usr/bin/awk
configure:3288: result: awk
configure:3299: checking whether make sets $(MAKE)
configure:3322: result: yes
configure:3352: checking whether make supports nested variables
configure:3370: result: yes
configure:3570: checking for gcc
configure:3591: found /usr/bin/gcc
configure:3602: result: gcc
configure:3955: checking for C compiler version
configure:3964: gcc --version >&5
Apple clang version 13.0.0 (clang-1300.0.29.30)
Target: x86_64-apple-darwin21.3.0
Thread model: posix
InstalledDir: /Applications/Xcode.app/Contents/Developer/Toolchains/XcodeDefault.xctoolchain/usr/bin
Configured with: --prefix=/Applications/Xcode.app/Contents/Developer/usr --with-gxx-include-dir=/Applications/Xcode.app/Contents/Developer/Platforms/MacOSX.platform/Developer/SDKs/MacOSX.sdk/usr/include/c++/4.2.1
configure:3975: $? = 0
configure:3964: gcc -v >&5
Configured with: --prefix=/Applications/Xcode.app/Contents/Developer/usr --with-gxx-include-dir=/Applications/Xcode.app/Contents/Developer/Platforms/MacOSX.platform/Developer/SDKs/MacOSX.sdk/usr/include/c++/4.2.1
Apple clang version 13.0.0 (clang-1300.0.29.30)
Target: x86_64-apple-darwin21.3.0
Thread model: posix
InstalledDir: /Applications/Xcode.app/Contents/Developer/Toolchains/XcodeDefault.xctoolchain/usr/bin
configure:3975: $? = 0
configure:3964: gcc -V >&5
clang: error: argument to '-V' is missing (expected 1 value)
clang: error: no input files
configure:3975: $? = 1
configure:3964: gcc -qversion >&5
clang: error: unknown argument '-qversion'; did you mean '--version'?
clang: error: no input files
configure:3975: $? = 1
configure:3964: gcc -version >&5
clang: error: unknown argument '-version'; did you mean '--version'?
clang: error: no input files
configure:3975: $? = 1
configure:3995: checking whether the C compiler works
configure:4017: gcc    conftest.c  >&5
configure:4021: $? = 0
configure:4071: result: yes
configure:4074: checking for C compiler default output file name
configure:4076: result: a.out
configure:4082: checking for suffix of executables
configure:4089: gcc -o conftest    conftest.c  >&5
configure:4093: $? = 0
configure:4116: result: 
configure:4138: checking whether we are cross compiling
configure:4146: gcc -o conftest    conftest.c  >&5
configure:4150: $? = 0
configure:4157: ./conftest
configure:4161: $? = 0
configure:4176: result: no
configure:4181: checking for suffix of object files
configure:4204: gcc -c   conftest.c >&5
configure:4208: $? = 0
configure:4230: result: o
configure:4234: checking whether the compiler supports GNU C
configure:4254: gcc -c   conftest.c >&5
configure:4254: $? = 0
configure:4264: result: yes
configure:4275: checking whether gcc accepts -g
configure:4296: gcc -c -g  conftest.c >&5
configure:4296: $? = 0
configure:4340: result: yes
configure:4360: checking for gcc option to enable C11 features
configure:4375: gcc  -c   conftest.c >&5
configure:4375: $? = 0
configure:4393: result: none needed
configure:4509: checking whether gcc understands -c and -o together
configure:4532: gcc -c conftest.c -o conftest2.o
configure:4535: $? = 0
configure:4532: gcc -c conftest.c -o conftest2.o
configure:4535: $? = 0
configure:4547: result: yes
configure:4567: checking whether make supports the include directive
configure:4582: make -f confmf.GNU && cat confinc.out
this is the am__doit target
configure:4585: $? = 0
configure:4604: result: yes (GNU style)
configure:4630: checking dependency style of gcc
configure:4742: result: gcc3
configure:4826: checking for g++
configure:4847: found /usr/bin/g++
configure:4858: result: g++
configure:4885: checking for C++ compiler version
configure:4894: g++ --version >&5
Apple clang version 13.0.0 (clang-1300.0.29.30)
Target: x86_64-apple-darwin21.3.0
Thread model: posix
InstalledDir: /Applications/Xcode.app/Contents/Developer/Toolchains/XcodeDefault.xctoolchain/usr/bin
Configured with: --prefix=/Applications/Xcode.app/Contents/Developer/usr --with-gxx-include-dir=/Applications/Xcode.app/Contents/Developer/Platforms/MacOSX.platform/Developer/SDKs/MacOSX.sdk/usr/include/c++/4.2.1
configure:4905: $? = 0
configure:4894: g++ -v >&5
Configured with: --prefix=/Applications/Xcode.app/Contents/Developer/usr --with-gxx-include-dir=/Applications/Xcode.app/Contents/Developer/Platforms/MacOSX.platform/Developer/SDKs/MacOSX.sdk/usr/include/c++/4.2.1
Apple clang version 13.0.0 (clang-1300.0.29.30)
Target: x86_64-apple-darwin21.3.0
Thread model: posix
InstalledDir: /Applications/Xcode.app/Contents/Developer/Toolchains/XcodeDefault.xctoolchain/usr/bin
configure:4905: $? = 0
configure:4894: g++ -V >&5
clang: error: argument to '-V' is missing (expected 1 value)
clang: error: no input files
configure:4905: $? = 1
configure:4894: g++ -qversion >&5
clang: error: unknown argument '-qversion'; did you mean '--version'?
clang: error: no input files
configure:4905: $? = 1
configure:4909: checking whether the compiler supports GNU C++
configure:4929: g++ -c  -g -std=c++11 -DNDEBUG  conftest.cpp >&5
configure:4929: $? = 0
configure:4939: result: yes
configure:4950: checking whether g++ accepts -g
configure:4971: g++ -c -g  conftest.cpp >&5
configure:4971: $? = 0
configure:5015: result: yes
configure:5035: checking for g++ option to enable C++11 features
configure:5050: g++  -c  -g -std=c++11 -DNDEBUG  conftest.cpp >&5
conftest.cpp:177:25: warning: empty parentheses interpreted as a function declaration [-Wvexing-parse]
  cxx11test::delegate d2();
                        ^~
conftest.cpp:177:25: note: remove parentheses to declare a variable
  cxx11test::delegate d2();
                        ^~
1 warning generated.
configure:5050: $? = 0
configure:5068: result: none needed
configure:5134: checking dependency style of g++
configure:5246: result: gcc3
configure:5299: checking build system type
configure:5314: result: x86_64-apple-darwin21.3.0
configure:5334: checking host system type
configure:5348: result: x86_64-apple-darwin21.3.0
configure:5389: checking how to print strings
configure:5416: result: printf
configure:5437: checking for a sed that does not truncate output
configure:5507: result: /usr/bin/sed
configure:5525: checking for grep that handles long lines and -e
configure:5589: result: /usr/bin/grep
configure:5594: checking for egrep
configure:5662: result: /usr/bin/grep -E
configure:5667: checking for fgrep
configure:5735: result: /usr/bin/grep -F
configure:5771: checking for ld used by gcc
configure:5839: result: /Applications/Xcode.app/Contents/Developer/Toolchains/XcodeDefault.xctoolchain/usr/bin/ld
configure:5846: checking if the linker (/Applications/Xcode.app/Contents/Developer/Toolchains/XcodeDefault.xctoolchain/usr/bin/ld) is GNU ld
configure:5862: result: no
configure:5874: checking for BSD- or MS-compatible name lister (nm)
configure:5929: result: /usr/bin/nm -B
configure:6069: checking the name lister (/usr/bin/nm -B) interface
configure:6077: g++ -c  -g -std=c++11 -DNDEBUG  conftest.cpp >&5
configure:6080: /usr/bin/nm -B "conftest.o"
configure:6083: output
0000000000000294 S _some_variable
configure:6090: result: BSD nm
configure:6093: checking whether ln -s works
configure:6097: result: yes
configure:6105: checking the maximum length of command line arguments
configure:6237: result: 786432
configure:6285: checking how to convert x86_64-apple-darwin21.3.0 file names to x86_64-apple-darwin21.3.0 format
configure:6326: result: func_convert_file_noop
configure:6333: checking how to convert x86_64-apple-darwin21.3.0 file names to toolchain format
configure:6354: result: func_convert_file_noop
configure:6361: checking for /Applications/Xcode.app/Contents/Developer/Toolchains/XcodeDefault.xctoolchain/usr/bin/ld option to reload object files
configure:6369: result: -r
configure:6448: checking for file
configure:6469: found /usr/bin/file
configure:6480: result: file
configure:6556: checking for objdump
configure:6577: found /usr/bin/objdump
configure:6588: result: objdump
configure:6620: checking how to recognize dependent libraries
configure:6821: result: pass_all
configure:6911: checking for dlltool
configure:6946: result: no
configure:6976: checking how to associate runtime and link libraries
configure:7004: result: printf %s\n
configure:7070: checking for ar
configure:7091: found /usr/bin/ar
configure:7102: result: ar
configure:7155: checking for archiver @FILE support
configure:7173: g++ -c  -g -std=c++11 -DNDEBUG  conftest.cpp >&5
configure:7173: $? = 0
configure:7177: ar cr libconftest.a @conftest.lst >&5
ar: @conftest.lst: No such file or directory
configure:7180: $? = 1
configure:7200: result: no
configure:7263: checking for strip
configure:7284: found /usr/bin/strip
configure:7295: result: strip
configure:7372: checking for ranlib
configure:7393: found /usr/bin/ranlib
configure:7404: result: ranlib
configure:7506: checking command to parse /usr/bin/nm -B output from gcc object
configure:7660: g++ -c  -g -std=c++11 -DNDEBUG  conftest.cpp >&5
configure:7663: $? = 0
configure:7667: /usr/bin/nm -B conftest.o \| /usr/bin/sed -n -e 's/^.*[ ]\([BCDEGRST][BCDEGRST]*\)[ ][ ]*\([_A-Za-z][_A-Za-z0-9]*\)$/\1 \2 \2/p' | /usr/bin/sed '/ __gnu_lto/d' \> conftest.nm
configure:7670: $? = 0
cannot find nm_test_var in conftest.nm
configure:7660: g++ -c  -g -std=c++11 -DNDEBUG  conftest.cpp >&5
configure:7663: $? = 0
configure:7667: /usr/bin/nm -B conftest.o \| /usr/bin/sed -n -e 's/^.*[ ]\([BCDEGRST][BCDEGRST]*\)[ ][ ]*_\([_A-Za-z][_A-Za-z0-9]*\)$/\1 _\2 \2/p' | /usr/bin/sed '/ __gnu_lto/d' \> conftest.nm
configure:7670: $? = 0
configure:7736: g++ -o conftest  -g -std=c++11 -DNDEBUG   conftest.cpp conftstm.o >&5
configure:7739: $? = 0
configure:7777: result: ok
configure:7824: checking for sysroot
configure:7855: result: no
configure:7862: checking for a working dd
configure:7906: result: /bin/dd
configure:7910: checking how to truncate binary pipes
configure:7926: result: /bin/dd bs=4096 count=1
configure:8264: checking for mt
configure:8299: result: no
configure:8319: checking if : is a manifest tool
configure:8326: : '-?'
configure:8334: result: no
configure:8395: checking for dsymutil
configure:8416: found /usr/bin/dsymutil
configure:8427: result: dsymutil
configure:8497: checking for nmedit
configure:8518: found /usr/bin/nmedit
configure:8529: result: nmedit
configure:8599: checking for lipo
configure:8620: found /usr/bin/lipo
configure:8631: result: lipo
configure:8701: checking for otool
configure:8722: found /usr/bin/otool
configure:8733: result: otool
configure:8803: checking for otool64
configure:8838: result: no
configure:8883: checking for -single_module linker flag
gcc   -o libconftest.dylib -dynamiclib -Wl,-single_module conftest.c
configure:8917: result: yes
configure:8920: checking for -exported_symbols_list linker flag
configure:8941: g++ -o conftest  -g -std=c++11 -DNDEBUG   -Wl,-exported_symbols_list,conftest.sym conftest.cpp  >&5
configure:8941: $? = 0
configure:8952: result: yes
configure:8955: checking for -force_load linker flag
gcc  -c -o conftest.o conftest.c
ar cr libconftest.a conftest.o
ranlib libconftest.a
gcc   -o conftest conftest.c -Wl,-force_load,./libconftest.a
configure:8988: result: yes
configure:9059: checking for stdio.h
configure:9059: g++ -c  -g -std=c++11 -DNDEBUG  conftest.cpp >&5
configure:9059: $? = 0
configure:9059: result: yes
configure:9059: checking for stdlib.h
configure:9059: g++ -c  -g -std=c++11 -DNDEBUG  conftest.cpp >&5
configure:9059: $? = 0
configure:9059: result: yes
configure:9059: checking for string.h
configure:9059: g++ -c  -g -std=c++11 -DNDEBUG  conftest.cpp >&5
configure:9059: $? = 0
configure:9059: result: yes
configure:9059: checking for inttypes.h
configure:9059: g++ -c  -g -std=c++11 -DNDEBUG  conftest.cpp >&5
configure:9059: $? = 0
configure:9059: result: yes
configure:9059: checking for stdint.h
configure:9059: g++ -c  -g -std=c++11 -DNDEBUG  conftest.cpp >&5
configure:9059: $? = 0
configure:9059: result: yes
configure:9059: checking for strings.h
configure:9059: g++ -c  -g -std=c++11 -DNDEBUG  conftest.cpp >&5
configure:9059: $? = 0
configure:9059: result: yes
configure:9059: checking for sys/stat.h
configure:9059: g++ -c  -g -std=c++11 -DNDEBUG  conftest.cpp >&5
configure:9059: $? = 0
configure:9059: result: yes
configure:9059: checking for sys/types.h
configure:9059: g++ -c  -g -std=c++11 -DNDEBUG  conftest.cpp >&5
configure:9059: $? = 0
configure:9059: result: yes
configure:9059: checking for unistd.h
configure:9059: g++ -c  -g -std=c++11 -DNDEBUG  conftest.cpp >&5
configure:9059: $? = 0
configure:9059: result: yes
configure:9084: checking for dlfcn.h
configure:9084: g++ -c  -g -std=c++11 -DNDEBUG  conftest.cpp >&5
configure:9084: $? = 0
configure:9084: result: yes
configure:9353: checking for objdir
configure:9369: result: .libs
configure:9633: checking if gcc supports -fno-rtti -fno-exceptions
configure:9652: gcc -c   -fno-rtti -fno-exceptions conftest.c >&5
configure:9656: $? = 0
configure:9669: result: yes
configure:10027: checking for gcc option to produce PIC
configure:10035: result: -fno-common -DPIC
configure:10043: checking if gcc PIC flag -fno-common -DPIC works
configure:10062: gcc -c   -fno-common -DPIC -DPIC conftest.c >&5
configure:10066: $? = 0
configure:10079: result: yes
configure:10108: checking if gcc static flag -static works
configure:10137: result: no
configure:10152: checking if gcc supports -c -o file.o
configure:10174: gcc -c   -o out/conftest2.o conftest.c >&5
configure:10178: $? = 0
configure:10200: result: yes
configure:10208: checking if gcc supports -c -o file.o
configure:10256: result: yes
configure:10289: checking whether the gcc linker (/Applications/Xcode.app/Contents/Developer/Toolchains/XcodeDefault.xctoolchain/usr/bin/ld) supports shared libraries
configure:11557: result: yes
configure:11798: checking dynamic linker characteristics
configure:12619: result: darwin21.3.0 dyld
configure:12741: checking how to hardcode library paths into programs
configure:12766: result: immediate
configure:13318: checking whether stripping libraries is possible
configure:13335: result: yes
configure:13369: checking if libtool supports shared libraries
configure:13371: result: yes
configure:13374: checking whether to build shared libraries
configure:13399: result: no
configure:13402: checking whether to build static libraries
configure:13406: result: yes
configure:13429: checking how to run the C++ preprocessor
configure:13451: g++ -E  conftest.cpp
configure:13451: $? = 0
configure:13466: g++ -E  conftest.cpp
conftest.cpp:23:10: fatal error: 'ac_nonexistent.h' file not found
#include <ac_nonexistent.h>
         ^~~~~~~~~~~~~~~~~~
1 error generated.
configure:13466: $? = 1
configure: failed program was:
| /* confdefs.h */
| #define PACKAGE_NAME "Google C++ Testing Framework"
| #define PACKAGE_TARNAME "gtest"
| #define PACKAGE_VERSION "1.8.0"
| #define PACKAGE_STRING "Google C++ Testing Framework 1.8.0"
| #define PACKAGE_BUGREPORT "googletestframework@googlegroups.com"
| #define PACKAGE_URL ""
| #define PACKAGE "gtest"
| #define VERSION "1.8.0"
| #define HAVE_STDIO_H 1
| #define HAVE_STDLIB_H 1
| #define HAVE_STRING_H 1
| #define HAVE_INTTYPES_H 1
| #define HAVE_STDINT_H 1
| #define HAVE_STRINGS_H 1
| #define HAVE_SYS_STAT_H 1
| #define HAVE_SYS_TYPES_H 1
| #define HAVE_UNISTD_H 1
| #define STDC_HEADERS 1
| #define HAVE_DLFCN_H 1
| #define LT_OBJDIR ".libs/"
| /* end confdefs.h.  */
| #include <ac_nonexistent.h>
configure:13493: result: g++ -E
configure:13507: g++ -E  conftest.cpp
configure:13507: $? = 0
configure:13522: g++ -E  conftest.cpp
conftest.cpp:23:10: fatal error: 'ac_nonexistent.h' file not found
#include <ac_nonexistent.h>
         ^~~~~~~~~~~~~~~~~~
1 error generated.
configure:13522: $? = 1
configure: failed program was:
| /* confdefs.h */
| #define PACKAGE_NAME "Google C++ Testing Framework"
| #define PACKAGE_TARNAME "gtest"
| #define PACKAGE_VERSION "1.8.0"
| #define PACKAGE_STRING "Google C++ Testing Framework 1.8.0"
| #define PACKAGE_BUGREPORT "googletestframework@googlegroups.com"
| #define PACKAGE_URL ""
| #define PACKAGE "gtest"
| #define VERSION "1.8.0"
| #define HAVE_STDIO_H 1
| #define HAVE_STDLIB_H 1
| #define HAVE_STRING_H 1
| #define HAVE_INTTYPES_H 1
| #define HAVE_STDINT_H 1
| #define HAVE_STRINGS_H 1
| #define HAVE_SYS_STAT_H 1
| #define HAVE_SYS_TYPES_H 1
| #define HAVE_UNISTD_H 1
| #define STDC_HEADERS 1
| #define HAVE_DLFCN_H 1
| #define LT_OBJDIR ".libs/"
| /* end confdefs.h.  */
| #include <ac_nonexistent.h>
configure:13687: checking for ld used by g++
configure:13755: result: /Applications/Xcode.app/Contents/Developer/Toolchains/XcodeDefault.xctoolchain/usr/bin/ld
configure:13762: checking if the linker (/Applications/Xcode.app/Contents/Developer/Toolchains/XcodeDefault.xctoolchain/usr/bin/ld) is GNU ld
configure:13778: result: no
configure:13833: checking whether the g++ linker (/Applications/Xcode.app/Contents/Developer/Toolchains/XcodeDefault.xctoolchain/usr/bin/ld) supports shared libraries
configure:14911: result: yes
configure:14947: g++ -c  -g -std=c++11 -DNDEBUG  conftest.cpp >&5
configure:14950: $? = 0
configure:15431: checking for g++ option to produce PIC
configure:15439: result: -fno-common -DPIC
configure:15447: checking if g++ PIC flag -fno-common -DPIC works
configure:15466: g++ -c  -g -std=c++11 -DNDEBUG  -fno-common -DPIC -DPIC conftest.cpp >&5
configure:15470: $? = 0
configure:15483: result: yes
configure:15506: checking if g++ static flag -static works
configure:15535: result: no
configure:15547: checking if g++ supports -c -o file.o
configure:15569: g++ -c  -g -std=c++11 -DNDEBUG  -o out/conftest2.o conftest.cpp >&5
configure:15573: $? = 0
configure:15595: result: yes
configure:15600: checking if g++ supports -c -o file.o
configure:15648: result: yes
configure:15678: checking whether the g++ linker (/Applications/Xcode.app/Contents/Developer/Toolchains/XcodeDefault.xctoolchain/usr/bin/ld) supports shared libraries
configure:15718: result: yes
configure:15860: checking dynamic linker characteristics
configure:16608: result: darwin21.3.0 dyld
configure:16673: checking how to hardcode library paths into programs
configure:16698: result: immediate
configure:16768: checking for python
configure:16791: found /usr/bin/python
configure:16804: result: /usr/bin/python
configure:16823: /usr/bin/python -c import sys # split strings by '.' and convert to numeric. Append some zeros # because we need at least 4 digits for the hex conversion. # map returns an iterator in Python 3.0 and a list in 2.x minver = list(map(int, '2.3'.split('.'))) + [0, 0, 0] minverhex = 0 # xrange is not present in Python 3.0 and range returns an iterator for i in list(range(0, 4)): minverhex = (minverhex << 8) + minver[i] sys.exit(sys.hexversion < minverhex)
configure:16826: $? = 0
configure:17025: checking for the pthreads library -lpthreads
configure:17058: gcc -o conftest     conftest.c -lpthreads  >&5
conftest.c:28:41: warning: null passed to a callee that requires a non-null argument [-Wnonnull]
                     pthread_attr_init(0); pthread_cleanup_push(0, 0);
                                       ~^
conftest.c:29:44: warning: null passed to a callee that requires a non-null argument [-Wnonnull]
                     pthread_create(0,0,0,0); pthread_cleanup_pop(0);
                                    ~      ^
conftest.c:29:44: warning: null passed to a callee that requires a non-null argument [-Wnonnull]
                     pthread_create(0,0,0,0); pthread_cleanup_pop(0);
                                        ~  ^
3 warnings generated.
ld: library not found for -lpthreads
clang: error: linker command failed with exit code 1 (use -v to see invocation)
configure:17058: $? = 1
configure: failed program was:
| /* confdefs.h */
| #define PACKAGE_NAME "Google C++ Testing Framework"
| #define PACKAGE_TARNAME "gtest"
| #define PACKAGE_VERSION "1.8.0"
| #define PACKAGE_STRING "Google C++ Testing Framework 1.8.0"
| #define PACKAGE_BUGREPORT "googletestframework@googlegroups.com"
| #define PACKAGE_URL ""
| #define PACKAGE "gtest"
| #define VERSION "1.8.0"
| #define HAVE_STDIO_H 1
| #define HAVE_STDLIB_H 1
| #define HAVE_STRING_H 1
| #define HAVE_INTTYPES_H 1
| #define HAVE_STDINT_H 1
| #define HAVE_STRINGS_H 1
| #define HAVE_SYS_STAT_H 1
| #define HAVE_SYS_TYPES_H 1
| #define HAVE_UNISTD_H 1
| #define STDC_HEADERS 1
| #define HAVE_DLFCN_H 1
| #define LT_OBJDIR ".libs/"
| /* end confdefs.h.  */
| #include <pthread.h>
| int
| main (void)
| {
| pthread_t th; pthread_join(th, 0);
|                      pthread_attr_init(0); pthread_cleanup_push(0, 0);
|                      pthread_create(0,0,0,0); pthread_cleanup_pop(0);
|   ;
|   return 0;
| }
configure:17068: result: no
configure:16965: checking whether pthreads work without any flags
configure:17058: gcc -o conftest     conftest.c   >&5
conftest.c:28:41: warning: null passed to a callee that requires a non-null argument [-Wnonnull]
                     pthread_attr_init(0); pthread_cleanup_push(0, 0);
                                       ~^
conftest.c:29:44: warning: null passed to a callee that requires a non-null argument [-Wnonnull]
                     pthread_create(0,0,0,0); pthread_cleanup_pop(0);
                                    ~      ^
conftest.c:29:44: warning: null passed to a callee that requires a non-null argument [-Wnonnull]
                     pthread_create(0,0,0,0); pthread_cleanup_pop(0);
                                        ~  ^
3 warnings generated.
configure:17058: $? = 0
configure:17068: result: yes
configure:17087: checking for joinable pthread attribute
configure:17102: gcc -o conftest     conftest.c   >&5
configure:17102: $? = 0
configure:17109: result: PTHREAD_CREATE_JOINABLE
configure:17117: checking if more special flags are required for pthreads
configure:17124: result: -D_THREAD_SAFE
configure:17218: checking whether to check for GCC pthread/shared inconsistencies
configure:17231: gcc -o conftest -shared -fPIC -Wl,-z,defs  -D_THREAD_SAFE    conftest.c   >&5
ld: unknown option: -z
clang: error: linker command failed with exit code 1 (use -v to see invocation)
configure:17231: $? = 1
configure: failed program was:
| /* confdefs.h */
| #define PACKAGE_NAME "Google C++ Testing Framework"
| #define PACKAGE_TARNAME "gtest"
| #define PACKAGE_VERSION "1.8.0"
| #define PACKAGE_STRING "Google C++ Testing Framework 1.8.0"
| #define PACKAGE_BUGREPORT "googletestframework@googlegroups.com"
| #define PACKAGE_URL ""
| #define PACKAGE "gtest"
| #define VERSION "1.8.0"
| #define HAVE_STDIO_H 1
| #define HAVE_STDLIB_H 1
| #define HAVE_STRING_H 1
| #define HAVE_INTTYPES_H 1
| #define HAVE_STDINT_H 1
| #define HAVE_STRINGS_H 1
| #define HAVE_SYS_STAT_H 1
| #define HAVE_SYS_TYPES_H 1
| #define HAVE_UNISTD_H 1
| #define STDC_HEADERS 1
| #define HAVE_DLFCN_H 1
| #define LT_OBJDIR ".libs/"
| /* end confdefs.h.  */
| 
| int
| main (void)
| {
| 
|   ;
|   return 0;
| }
configure:17241: result: no
configure:17525: checking that generated files are newer than configure
configure:17531: result: done
configure:17566: creating ./config.status

## ---------------------- ##
## Running config.status. ##
## ---------------------- ##

This file was extended by Google C++ Testing Framework config.status 1.8.0, which was
generated by GNU Autoconf 2.71.  Invocation command line was

  CONFIG_FILES    = 
  CONFIG_HEADERS  = 
  CONFIG_LINKS    = 
  CONFIG_COMMANDS = 
  $ ./config.status 

on meki-mac-pro.local

config.status:1153: creating Makefile
config.status:1153: creating scripts/gtest-config
config.status:1153: creating build-aux/config.h
config.status:1382: executing depfiles commands
config.status:1460: cd .       && sed -e '/# am--include-marker/d' Makefile         | make -f - am--depfiles
config.status:1465: $? = 0
config.status:1382: executing libtool commands

## ---------------- ##
## Cache variables. ##
## ---------------- ##

ac_cv_build=x86_64-apple-darwin21.3.0
ac_cv_c_compiler_gnu=yes
ac_cv_cxx_compiler_gnu=yes
ac_cv_env_CCC_set=
ac_cv_env_CCC_value=
ac_cv_env_CC_set=
ac_cv_env_CC_value=
ac_cv_env_CFLAGS_set=set
ac_cv_env_CFLAGS_value=
ac_cv_env_CPPFLAGS_set=
ac_cv_env_CPPFLAGS_value=
ac_cv_env_CXXCPP_set=
ac_cv_env_CXXCPP_value=
ac_cv_env_CXXFLAGS_set=set
ac_cv_env_CXXFLAGS_value=' -g -std=c++11 -DNDEBUG'
ac_cv_env_CXX_set=
ac_cv_env_CXX_value=
ac_cv_env_LDFLAGS_set=
ac_cv_env_LDFLAGS_value=
ac_cv_env_LIBS_set=
ac_cv_env_LIBS_value=
ac_cv_env_LT_SYS_LIBRARY_PATH_set=
ac_cv_env_LT_SYS_LIBRARY_PATH_value=
ac_cv_env_build_alias_set=
ac_cv_env_build_alias_value=
ac_cv_env_host_alias_set=
ac_cv_env_host_alias_value=
ac_cv_env_target_alias_set=
ac_cv_env_target_alias_value=
ac_cv_header_dlfcn_h=yes
ac_cv_header_inttypes_h=yes
ac_cv_header_stdint_h=yes
ac_cv_header_stdio_h=yes
ac_cv_header_stdlib_h=yes
ac_cv_header_string_h=yes
ac_cv_header_strings_h=yes
ac_cv_header_sys_stat_h=yes
ac_cv_header_sys_types_h=yes
ac_cv_header_unistd_h=yes
ac_cv_host=x86_64-apple-darwin21.3.0
ac_cv_objext=o
ac_cv_path_EGREP='/usr/bin/grep -E'
ac_cv_path_FGREP='/usr/bin/grep -F'
ac_cv_path_GREP=/usr/bin/grep
ac_cv_path_PYTHON=/usr/bin/python
ac_cv_path_SED=/usr/bin/sed
ac_cv_path_install='/usr/local/bin/ginstall -c'
ac_cv_path_lt_DD=/bin/dd
ac_cv_path_mkdir=/usr/local/bin/gmkdir
ac_cv_prog_AWK=awk
ac_cv_prog_CXXCPP='g++ -E'
ac_cv_prog_ac_ct_AR=ar
ac_cv_prog_ac_ct_CC=gcc
ac_cv_prog_ac_ct_CXX=g++
ac_cv_prog_ac_ct_DSYMUTIL=dsymutil
ac_cv_prog_ac_ct_FILECMD=file
ac_cv_prog_ac_ct_LIPO=lipo
ac_cv_prog_ac_ct_NMEDIT=nmedit
ac_cv_prog_ac_ct_OBJDUMP=objdump
ac_cv_prog_ac_ct_OTOOL=otool
ac_cv_prog_ac_ct_RANLIB=ranlib
ac_cv_prog_ac_ct_STRIP=strip
ac_cv_prog_cc_c11=
ac_cv_prog_cc_g=yes
ac_cv_prog_cc_stdc=
ac_cv_prog_cxx_11=no
ac_cv_prog_cxx_cxx11=
ac_cv_prog_cxx_g=yes
ac_cv_prog_cxx_stdcxx=
ac_cv_prog_make_make_set=yes
am_cv_CC_dependencies_compiler_type=gcc3
am_cv_CXX_dependencies_compiler_type=gcc3
am_cv_make_support_nested_variables=yes
am_cv_prog_cc_c_o=yes
lt_cv_apple_cc_single_mod=yes
lt_cv_ar_at_file=no
lt_cv_deplibs_check_method=pass_all
lt_cv_file_magic_cmd='$MAGIC_CMD'
lt_cv_file_magic_test_file=
lt_cv_ld_exported_symbols_list=yes
lt_cv_ld_force_load=yes
lt_cv_ld_reload_flag=-r
lt_cv_nm_interface='BSD nm'
lt_cv_objdir=.libs
lt_cv_path_LD=/Applications/Xcode.app/Contents/Developer/Toolchains/XcodeDefault.xctoolchain/usr/bin/ld
lt_cv_path_LDCXX=/Applications/Xcode.app/Contents/Developer/Toolchains/XcodeDefault.xctoolchain/usr/bin/ld
lt_cv_path_NM='/usr/bin/nm -B'
lt_cv_path_mainfest_tool=no
lt_cv_prog_compiler_c_o=yes
lt_cv_prog_compiler_c_o_CXX=yes
lt_cv_prog_compiler_pic='-fno-common -DPIC'
lt_cv_prog_compiler_pic_CXX='-fno-common -DPIC'
lt_cv_prog_compiler_pic_works=yes
lt_cv_prog_compiler_pic_works_CXX=yes
lt_cv_prog_compiler_rtti_exceptions=yes
lt_cv_prog_compiler_static_works=no
lt_cv_prog_compiler_static_works_CXX=no
lt_cv_prog_gnu_ld=no
lt_cv_prog_gnu_ldcxx=no
lt_cv_sharedlib_from_linklib_cmd='printf %s\n'
lt_cv_sys_global_symbol_pipe='/usr/bin/sed -n -e '\''s/^.*[	 ]\([BCDEGRST][BCDEGRST]*\)[	 ][	 ]*_\([_A-Za-z][_A-Za-z0-9]*\)$/\1 _\2 \2/p'\'' | /usr/bin/sed '\''/ __gnu_lto/d'\'''
lt_cv_sys_global_symbol_to_c_name_address='/usr/bin/sed -n -e '\''s/^: \(.*\) .*$/  {"\1", (void *) 0},/p'\'' -e '\''s/^[BCDEGRST][BCDEGRST]* .* \(.*\)$/  {"\1", (void *) \&\1},/p'\'''
lt_cv_sys_global_symbol_to_c_name_address_lib_prefix='/usr/bin/sed -n -e '\''s/^: \(.*\) .*$/  {"\1", (void *) 0},/p'\'' -e '\''s/^[BCDEGRST][BCDEGRST]* .* \(lib.*\)$/  {"\1", (void *) \&\1},/p'\'' -e '\''s/^[BCDEGRST][BCDEGRST]* .* \(.*\)$/  {"lib\1", (void *) \&\1},/p'\'''
lt_cv_sys_global_symbol_to_cdecl='/usr/bin/sed -n -e '\''s/^T .* \(.*\)$/extern int \1();/p'\'' -e '\''s/^[BCDEGRST][BCDEGRST]* .* \(.*\)$/extern char \1;/p'\'''
lt_cv_sys_global_symbol_to_import=
lt_cv_sys_max_cmd_len=786432
lt_cv_to_host_file_cmd=func_convert_file_noop
lt_cv_to_tool_file_cmd=func_convert_file_noop
lt_cv_truncate_bin='/bin/dd bs=4096 count=1'

## ----------------- ##
## Output variables. ##
## ----------------- ##

ACLOCAL='${SHELL} '\''/Users/xuyc/repo/github/FeigeChat-Desktop/src/3rd-party/protobuf-3.19.4/third_party/googletest/googletest/build-aux/missing'\'' aclocal-1.16'
AMDEPBACKSLASH='\'
AMDEP_FALSE='#'
AMDEP_TRUE=''
AMTAR='$${TAR-tar}'
AM_BACKSLASH='\'
AM_DEFAULT_V='$(AM_DEFAULT_VERBOSITY)'
AM_DEFAULT_VERBOSITY='1'
AM_V='$(V)'
AR='ar'
AUTOCONF='${SHELL} '\''/Users/xuyc/repo/github/FeigeChat-Desktop/src/3rd-party/protobuf-3.19.4/third_party/googletest/googletest/build-aux/missing'\'' autoconf'
AUTOHEADER='${SHELL} '\''/Users/xuyc/repo/github/FeigeChat-Desktop/src/3rd-party/protobuf-3.19.4/third_party/googletest/googletest/build-aux/missing'\'' autoheader'
AUTOMAKE='${SHELL} '\''/Users/xuyc/repo/github/FeigeChat-Desktop/src/3rd-party/protobuf-3.19.4/third_party/googletest/googletest/build-aux/missing'\'' automake-1.16'
AWK='awk'
CC='gcc'
CCDEPMODE='depmode=gcc3'
CFLAGS=''
CPPFLAGS=''
CSCOPE='cscope'
CTAGS='ctags'
CXX='g++'
CXXCPP='g++ -E'
CXXDEPMODE='depmode=gcc3'
CXXFLAGS=' -g -std=c++11 -DNDEBUG'
CYGPATH_W='echo'
DEFS='-DHAVE_CONFIG_H'
DEPDIR='.deps'
DLLTOOL='false'
DSYMUTIL='dsymutil'
DUMPBIN=''
ECHO_C='\c'
ECHO_N=''
ECHO_T=''
EGREP='/usr/bin/grep -E'
ETAGS='etags'
EXEEXT=''
FGREP='/usr/bin/grep -F'
FILECMD='file'
GREP='/usr/bin/grep'
HAVE_PTHREADS_FALSE='#'
HAVE_PTHREADS_TRUE=''
HAVE_PYTHON_FALSE='#'
HAVE_PYTHON_TRUE=''
INSTALL_DATA='${INSTALL} -m 644'
INSTALL_PROGRAM='${INSTALL}'
INSTALL_SCRIPT='${INSTALL}'
INSTALL_STRIP_PROGRAM='$(install_sh) -c -s'
LD='/Applications/Xcode.app/Contents/Developer/Toolchains/XcodeDefault.xctoolchain/usr/bin/ld'
LDFLAGS=''
LIBOBJS=''
LIBS=''
LIBTOOL='$(SHELL) $(top_builddir)/libtool'
LIPO='lipo'
LN_S='ln -s'
LTLIBOBJS=''
LT_SYS_LIBRARY_PATH=''
MAKEINFO='${SHELL} '\''/Users/xuyc/repo/github/FeigeChat-Desktop/src/3rd-party/protobuf-3.19.4/third_party/googletest/googletest/build-aux/missing'\'' makeinfo'
MANIFEST_TOOL=':'
MKDIR_P='/usr/local/bin/gmkdir -p'
NM='/usr/bin/nm -B'
NMEDIT='nmedit'
OBJDUMP='objdump'
OBJEXT='o'
OTOOL64=':'
OTOOL='otool'
PACKAGE='gtest'
PACKAGE_BUGREPORT='googletestframework@googlegroups.com'
PACKAGE_NAME='Google C++ Testing Framework'
PACKAGE_STRING='Google C++ Testing Framework 1.8.0'
PACKAGE_TARNAME='gtest'
PACKAGE_URL=''
PACKAGE_VERSION='1.8.0'
PATH_SEPARATOR=':'
PTHREAD_CC='gcc'
PTHREAD_CFLAGS='-D_THREAD_SAFE '
PTHREAD_LIBS=''
PYTHON='/usr/bin/python'
RANLIB='ranlib'
SED='/usr/bin/sed'
SET_MAKE=''
SHELL='/bin/sh'
STRIP='strip'
VERSION='1.8.0'
ac_ct_AR='ar'
ac_ct_CC='gcc'
ac_ct_CXX='g++'
ac_ct_DUMPBIN=''
acx_pthread_config=''
am__EXEEXT_FALSE=''
am__EXEEXT_TRUE='#'
am__fastdepCC_FALSE='#'
am__fastdepCC_TRUE=''
am__fastdepCXX_FALSE='#'
am__fastdepCXX_TRUE=''
am__include='include'
am__isrc=''
am__leading_dot='.'
am__nodep='_no'
am__quote=''
am__tar='$${TAR-tar} chof - "$$tardir"'
am__untar='$${TAR-tar} xf -'
bindir='${exec_prefix}/bin'
build='x86_64-apple-darwin21.3.0'
build_alias=''
build_cpu='x86_64'
build_os='darwin21.3.0'
build_vendor='apple'
datadir='${datarootdir}'
datarootdir='${prefix}/share'
docdir='${datarootdir}/doc/${PACKAGE_TARNAME}'
dvidir='${docdir}'
exec_prefix='${prefix}'
host='x86_64-apple-darwin21.3.0'
host_alias=''
host_cpu='x86_64'
host_os='darwin21.3.0'
host_vendor='apple'
htmldir='${docdir}'
includedir='${prefix}/include'
infodir='${datarootdir}/info'
install_sh='${SHELL} /Users/xuyc/repo/github/FeigeChat-Desktop/src/3rd-party/protobuf-3.19.4/third_party/googletest/googletest/build-aux/install-sh'
libdir='${exec_prefix}/lib'
libexecdir='${exec_prefix}/libexec'
localedir='${datarootdir}/locale'
localstatedir='${prefix}/var'
mandir='${datarootdir}/man'
mkdir_p='$(MKDIR_P)'
oldincludedir='/usr/include'
pdfdir='${docdir}'
prefix='/Users/xuyc/repo/github/FeigeChat-Desktop/src/3rd-party/lib'
program_transform_name='s,x,x,'
psdir='${docdir}'
runstatedir='${localstatedir}/run'
sbindir='${exec_prefix}/sbin'
sharedstatedir='${prefix}/com'
sysconfdir='${prefix}/etc'
target_alias=''

## ----------- ##
## confdefs.h. ##
## ----------- ##

/* confdefs.h */
#define PACKAGE_NAME "Google C++ Testing Framework"
#define PACKAGE_TARNAME "gtest"
#define PACKAGE_VERSION "1.8.0"
#define PACKAGE_STRING "Google C++ Testing Framework 1.8.0"
#define PACKAGE_BUGREPORT "googletestframework@googlegroups.com"
#define PACKAGE_URL ""
#define PACKAGE "gtest"
#define VERSION "1.8.0"
#define HAVE_STDIO_H 1
#define HAVE_STDLIB_H 1
#define HAVE_STRING_H 1
#define HAVE_INTTYPES_H 1
#define HAVE_STDINT_H 1
#define HAVE_STRINGS_H 1
#define HAVE_SYS_STAT_H 1
#define HAVE_SYS_TYPES_H 1
#define HAVE_UNISTD_H 1
#define STDC_HEADERS 1
#define HAVE_DLFCN_H 1
#define LT_OBJDIR ".libs/"
#define HAVE_PTHREAD 1

configure: exit 0
