This file contains any messages produced by compilers while
running configure, to aid debugging if configure makes a mistake.

It was created by Protocol Buffers configure 3.19.4, which was
generated by GNU Autoconf 2.71.  Invocation command line was

  $ ./configure --prefix=/Users/xuyc/repo/github/FeigeChat-Desktop/src/3rd-party/lib --with-protoc=protoc --disable-shared

## --------- ##
## Platform. ##
## --------- ##

hostname = meki-mac-pro.local
uname -m = x86_64
uname -r = 21.3.0
uname -s = Darwin
uname -v = Darwin Kernel Version 21.3.0: Wed Jan  5 21:37:58 PST 2022; root:xnu-8019.80.24~20/RELEASE_X86_64

/usr/bin/uname -p = i386
/bin/uname -X     = unknown

/bin/arch              = unknown
/usr/bin/arch -k       = unknown
/usr/convex/getsysinfo = unknown
/usr/bin/hostinfo      = Mach kernel version:
	 Darwin Kernel Version 21.3.0: Wed Jan  5 21:37:58 PST 2022; root:xnu-8019.80.24~20/RELEASE_X86_64
Kernel configured for up to 8 processors.
4 processors are physically available.
8 processors are logically available.
Processor type: x86_64h (Intel x86-64h Haswell)
Processors active: 0 1 2 3 4 5 6 7
Primary memory available: 16.00 gigabytes
Default processor set: 561 tasks, 2311 threads, 8 processors
Load average: 3.59, Mach factor: 4.63
/bin/machine           = unknown
/usr/bin/oslevel       = unknown
/bin/universe          = unknown

PATH: /Users/xuyc/Qt/6.2.0/macos/bin/
PATH: /Users/xuyc/repo/github/vcpkg/
PATH: /usr/local/bin/
PATH: /usr/bin/
PATH: /bin/
PATH: /usr/sbin/
PATH: /sbin/
PATH: /Applications/VMware Fusion.app/Contents/Public/
PATH: /usr/local/go/bin/
PATH: /usr/local/share/dotnet/
PATH: ~/.dotnet/tools/
PATH: /Library/Apple/usr/bin/
PATH: /Library/Frameworks/Mono.framework/Versions/Current/Commands/
PATH: /usr/local/Cellar/go/1.18.1/libexec/bin/
PATH: /Users/xuyc/repo/go/bin/
PATH: /Users/xuyc/share/flutter/bin/
PATH: /Users/xuyc/share/
PATH: /Users/xuyc/apache-maven-3.6.1/bin/
PATH: /Users/xuyc/.pub-cache/bin/
PATH: /usr/local/Cellar/protobuf/3.17.3/bin/
PATH: /Users/xuyc/.rvm/bin/


## ----------- ##
## Core tests. ##
## ----------- ##

configure:3059: looking for aux files: ltmain.sh ar-lib compile missing install-sh config.guess config.sub
configure:3072:  trying ./
configure:3101:   ./ltmain.sh found
configure:3101:   ./ar-lib found
configure:3101:   ./compile found
configure:3101:   ./missing found
configure:3083:   ./install-sh found
configure:3101:   ./config.guess found
configure:3101:   ./config.sub found
configure:3214: checking whether to enable maintainer-specific portions of Makefiles
configure:3224: result: yes
configure:3275: checking build system type
configure:3290: result: x86_64-apple-darwin21.3.0
configure:3310: checking host system type
configure:3324: result: x86_64-apple-darwin21.3.0
configure:3344: checking target system type
configure:3358: result: x86_64-apple-darwin21.3.0
configure:3402: checking for a BSD-compatible install
configure:3475: result: /usr/local/bin/ginstall -c
configure:3486: checking whether build environment is sane
configure:3541: result: yes
configure:3700: checking for a race-free mkdir -p
configure:3744: result: /usr/local/bin/gmkdir -p
configure:3751: checking for gawk
configure:3786: result: no
configure:3751: checking for mawk
configure:3786: result: no
configure:3751: checking for nawk
configure:3786: result: no
configure:3751: checking for awk
configure:3772: found /usr/bin/awk
configure:3783: result: awk
configure:3794: checking whether make sets $(MAKE)
configure:3817: result: yes
configure:3847: checking whether make supports nested variables
configure:3865: result: yes
configure:3950: checking whether UID '501' is supported by ustar format
configure:3953: result: yes
configure:3960: checking whether GID '20' is supported by ustar format
configure:3963: result: yes
configure:3971: checking how to create a ustar tar archive
configure:3982: tar --version
bsdtar 3.5.1 - libarchive 3.5.1 zlib/1.2.11 liblzma/5.0.5 bz2lib/1.0.8 
configure:3985: $? = 0
configure:4025: tardir=conftest.dir && eval tar --format=ustar -chf - "$tardir" >conftest.tar
configure:4028: $? = 0
configure:4032: tar -xf - <conftest.tar
configure:4035: $? = 0
configure:4037: cat conftest.dir/file
GrepMe
configure:4040: $? = 0
configure:4054: result: gnutar
configure:4134: checking whether make supports nested variables
configure:4152: result: yes
configure:4263: checking for gcc
configure:4284: found /usr/bin/gcc
configure:4295: result: gcc
configure:4648: checking for C compiler version
configure:4657: gcc --version >&5
Apple clang version 13.0.0 (clang-1300.0.29.30)
Target: x86_64-apple-darwin21.3.0
Thread model: posix
InstalledDir: /Applications/Xcode.app/Contents/Developer/Toolchains/XcodeDefault.xctoolchain/usr/bin
Configured with: --prefix=/Applications/Xcode.app/Contents/Developer/usr --with-gxx-include-dir=/Applications/Xcode.app/Contents/Developer/Platforms/MacOSX.platform/Developer/SDKs/MacOSX.sdk/usr/include/c++/4.2.1
configure:4668: $? = 0
configure:4657: gcc -v >&5
Configured with: --prefix=/Applications/Xcode.app/Contents/Developer/usr --with-gxx-include-dir=/Applications/Xcode.app/Contents/Developer/Platforms/MacOSX.platform/Developer/SDKs/MacOSX.sdk/usr/include/c++/4.2.1
Apple clang version 13.0.0 (clang-1300.0.29.30)
Target: x86_64-apple-darwin21.3.0
Thread model: posix
InstalledDir: /Applications/Xcode.app/Contents/Developer/Toolchains/XcodeDefault.xctoolchain/usr/bin
configure:4668: $? = 0
configure:4657: gcc -V >&5
clang: error: argument to '-V' is missing (expected 1 value)
clang: error: no input files
configure:4668: $? = 1
configure:4657: gcc -qversion >&5
clang: error: unknown argument '-qversion'; did you mean '--version'?
clang: error: no input files
configure:4668: $? = 1
configure:4657: gcc -version >&5
clang: error: unknown argument '-version'; did you mean '--version'?
clang: error: no input files
configure:4668: $? = 1
configure:4688: checking whether the C compiler works
configure:4710: gcc    conftest.c  >&5
configure:4714: $? = 0
configure:4764: result: yes
configure:4767: checking for C compiler default output file name
configure:4769: result: a.out
configure:4775: checking for suffix of executables
configure:4782: gcc -o conftest    conftest.c  >&5
configure:4786: $? = 0
configure:4809: result: 
configure:4831: checking whether we are cross compiling
configure:4839: gcc -o conftest    conftest.c  >&5
configure:4843: $? = 0
configure:4850: ./conftest
configure:4854: $? = 0
configure:4869: result: no
configure:4874: checking for suffix of object files
configure:4897: gcc -c   conftest.c >&5
configure:4901: $? = 0
configure:4923: result: o
configure:4927: checking whether the compiler supports GNU C
configure:4947: gcc -c   conftest.c >&5
configure:4947: $? = 0
configure:4957: result: yes
configure:4968: checking whether gcc accepts -g
configure:4989: gcc -c -g  conftest.c >&5
configure:4989: $? = 0
configure:5033: result: yes
configure:5053: checking for gcc option to enable C11 features
configure:5068: gcc  -c   conftest.c >&5
configure:5068: $? = 0
configure:5086: result: none needed
configure:5202: checking whether gcc understands -c and -o together
configure:5225: gcc -c conftest.c -o conftest2.o
configure:5228: $? = 0
configure:5225: gcc -c conftest.c -o conftest2.o
configure:5228: $? = 0
configure:5240: result: yes
configure:5260: checking whether make supports the include directive
configure:5275: make -f confmf.GNU && cat confinc.out
this is the am__doit target
configure:5278: $? = 0
configure:5297: result: yes (GNU style)
configure:5323: checking dependency style of gcc
configure:5435: result: gcc3
configure:5519: checking for g++
configure:5540: found /usr/bin/g++
configure:5551: result: g++
configure:5578: checking for C++ compiler version
configure:5587: g++ --version >&5
Apple clang version 13.0.0 (clang-1300.0.29.30)
Target: x86_64-apple-darwin21.3.0
Thread model: posix
InstalledDir: /Applications/Xcode.app/Contents/Developer/Toolchains/XcodeDefault.xctoolchain/usr/bin
Configured with: --prefix=/Applications/Xcode.app/Contents/Developer/usr --with-gxx-include-dir=/Applications/Xcode.app/Contents/Developer/Platforms/MacOSX.platform/Developer/SDKs/MacOSX.sdk/usr/include/c++/4.2.1
configure:5598: $? = 0
configure:5587: g++ -v >&5
Configured with: --prefix=/Applications/Xcode.app/Contents/Developer/usr --with-gxx-include-dir=/Applications/Xcode.app/Contents/Developer/Platforms/MacOSX.platform/Developer/SDKs/MacOSX.sdk/usr/include/c++/4.2.1
Apple clang version 13.0.0 (clang-1300.0.29.30)
Target: x86_64-apple-darwin21.3.0
Thread model: posix
InstalledDir: /Applications/Xcode.app/Contents/Developer/Toolchains/XcodeDefault.xctoolchain/usr/bin
configure:5598: $? = 0
configure:5587: g++ -V >&5
clang: error: argument to '-V' is missing (expected 1 value)
clang: error: no input files
configure:5598: $? = 1
configure:5587: g++ -qversion >&5
clang: error: unknown argument '-qversion'; did you mean '--version'?
clang: error: no input files
configure:5598: $? = 1
configure:5602: checking whether the compiler supports GNU C++
configure:5622: g++ -c   conftest.cpp >&5
configure:5622: $? = 0
configure:5632: result: yes
configure:5643: checking whether g++ accepts -g
configure:5664: g++ -c -g  conftest.cpp >&5
configure:5664: $? = 0
configure:5708: result: yes
configure:5728: checking for g++ option to enable C++11 features
configure:5743: g++  -c   conftest.cpp >&5
conftest.cpp:57:3: error: "Compiler does not advertise C++11 conformance"
# error "Compiler does not advertise C++11 conformance"
  ^
conftest.cpp:62:3: error: unknown type name 'constexpr'
  constexpr int get_val() { return 20; }
  ^
conftest.cpp:74:17: error: delegating constructors are permitted only in C++11
    delegate(): delegate(2354) {}
                ^~~~~~~~
conftest.cpp:85:26: warning: 'override' keyword is a C++11 extension [-Wc++11-extensions]
    virtual int getval() override final { return this->n * 2; }
                         ^
conftest.cpp:85:35: warning: 'final' keyword is a C++11 extension [-Wc++11-extensions]
    virtual int getval() override final { return this->n * 2; }
                                  ^
conftest.cpp:92:16: warning: defaulted function definitions are a C++11 extension [-Wc++11-extensions]
    nocopy() = default;
               ^
conftest.cpp:93:29: warning: deleted function definitions are a C++11 extension [-Wc++11-extensions]
    nocopy(const nocopy&) = delete;
                            ^
conftest.cpp:94:41: warning: deleted function definitions are a C++11 extension [-Wc++11-extensions]
    nocopy & operator=(const nocopy&) = delete;
                                        ^
conftest.cpp:106:25: warning: 'auto' type specifier is a C++11 extension [-Wc++11-extensions]
  template <typename V> auto sum(V first) -> V
                        ^
conftest.cpp:106:25: error: 'auto' not allowed in function return type
  template <typename V> auto sum(V first) -> V
                        ^~~~
conftest.cpp:106:42: error: expected ';' at end of declaration
  template <typename V> auto sum(V first) -> V
                                         ^
                                         ;
conftest.cpp:106:43: error: cannot use arrow operator on a type
  template <typename V> auto sum(V first) -> V
                                          ^
conftest.cpp:110:33: warning: variadic templates are a C++11 extension [-Wc++11-extensions]
  template <typename V, typename... Args> auto sum(V first, Args... rest) -> V
                                ^
conftest.cpp:110:43: warning: 'auto' type specifier is a C++11 extension [-Wc++11-extensions]
  template <typename V, typename... Args> auto sum(V first, Args... rest) -> V
                                          ^
conftest.cpp:110:43: error: 'auto' not allowed in function return type
  template <typename V, typename... Args> auto sum(V first, Args... rest) -> V
                                          ^~~~
conftest.cpp:110:74: error: expected ';' at end of declaration
  template <typename V, typename... Args> auto sum(V first, Args... rest) -> V
                                                                         ^
                                                                         ;
conftest.cpp:110:75: error: cannot use arrow operator on a type
  template <typename V, typename... Args> auto sum(V first, Args... rest) -> V
                                                                          ^
conftest.cpp:134:3: warning: 'auto' type specifier is a C++11 extension [-Wc++11-extensions]
  auto a1 = 6538;
  ^
conftest.cpp:135:3: warning: 'auto' type specifier is a C++11 extension [-Wc++11-extensions]
  auto a2 = 48573953.4;
  ^
conftest.cpp:136:3: warning: 'auto' type specifier is a C++11 extension [-Wc++11-extensions]
  auto a3 = "String literal";
  ^
conftest.cpp:139:8: warning: 'auto' type specifier is a C++11 extension [-Wc++11-extensions]
  for (auto i = a3; *i; ++i) { total += *i; }
       ^
conftest.cpp:155:8: warning: 'auto' type specifier is a C++11 extension [-Wc++11-extensions]
  for (auto &x : array) { x += 23; }
       ^
conftest.cpp:155:16: warning: range-based for loop is a C++11 extension [-Wc++11-extensions]
  for (auto &x : array) { x += 23; }
               ^
conftest.cpp:160:17: error: expected expression
  assert (eval ([](int x) { return x*2; }, 21) == 42);
                ^
conftest.cpp:162:17: error: expected expression
  assert (eval ([&](double x) { return d += x; }, 3.0) == 5.0);
                ^
conftest.cpp:164:17: error: expected expression
  assert (eval ([=](double x) mutable { return d += x; }, 4.0) == 9.0);
                ^
conftest.cpp:170:3: warning: 'auto' type specifier is a C++11 extension [-Wc++11-extensions]
  auto a = sum(1);
  ^
conftest.cpp:170:12: error: no matching function for call to 'sum'
  auto a = sum(1);
           ^~~
conftest.cpp:171:3: warning: 'auto' type specifier is a C++11 extension [-Wc++11-extensions]
  auto b = sum(1, 2);
  ^
conftest.cpp:171:12: error: no matching function for call to 'sum'
  auto b = sum(1, 2);
           ^~~
conftest.cpp:172:3: warning: 'auto' type specifier is a C++11 extension [-Wc++11-extensions]
  auto c = sum(1.0, 2.0, 3.0);
  ^
conftest.cpp:172:12: error: no matching function for call to 'sum'
  auto c = sum(1.0, 2.0, 3.0);
           ^~~
conftest.cpp:177:25: warning: empty parentheses interpreted as a function declaration [-Wvexing-parse]
  cxx11test::delegate d2();
                        ^~
conftest.cpp:177:25: note: remove parentheses to declare a variable
  cxx11test::delegate d2();
                        ^~
conftest.cpp:190:16: error: found '<::' after a template name which forms the digraph '<:' (aka '[') and a ':', did you mean '< ::'?
  test_template<::test_template<int>> v(test_template<int>(12));
               ^~~
               < ::
conftest.cpp:190:36: error: a space is required between consecutive right angle brackets (use '> >')
  test_template<::test_template<int>> v(test_template<int>(12));
                                   ^~
                                   > >
conftest.cpp:194:22: error: use of undeclared identifier 'u8'
  char const *utf8 = u8"UTF-8 string \u2500";
                     ^
conftest.cpp:194:24: error: expected ';' at end of declaration
  char const *utf8 = u8"UTF-8 string \u2500";
                       ^
                       ;
fatal error: too many errors emitted, stopping now [-ferror-limit=]
18 warnings and 20 errors generated.
configure:5743: $? = 1
configure: failed program was:
| /* confdefs.h */
| #define PACKAGE_NAME "Protocol Buffers"
| #define PACKAGE_TARNAME "protobuf"
| #define PACKAGE_VERSION "3.19.4"
| #define PACKAGE_STRING "Protocol Buffers 3.19.4"
| #define PACKAGE_BUGREPORT "protobuf@googlegroups.com"
| #define PACKAGE_URL ""
| #define PACKAGE "protobuf"
| #define VERSION "3.19.4"
| /* end confdefs.h.  */
| 
| // Does the compiler advertise C++98 conformance?
| #if !defined __cplusplus || __cplusplus < 199711L
| # error "Compiler does not advertise C++98 conformance"
| #endif
| 
| // These inclusions are to reject old compilers that
| // lack the unsuffixed header files.
| #include <cstdlib>
| #include <exception>
| 
| // <cassert> and <cstring> are *not* freestanding headers in C++98.
| extern void assert (int);
| namespace std {
|   extern int strcmp (const char *, const char *);
| }
| 
| // Namespaces, exceptions, and templates were all added after "C++ 2.0".
| using std::exception;
| using std::strcmp;
| 
| namespace {
| 
| void test_exception_syntax()
| {
|   try {
|     throw "test";
|   } catch (const char *s) {
|     // Extra parentheses suppress a warning when building autoconf itself,
|     // due to lint rules shared with more typical C programs.
|     assert (!(strcmp) (s, "test"));
|   }
| }
| 
| template <typename T> struct test_template
| {
|   T const val;
|   explicit test_template(T t) : val(t) {}
|   template <typename U> T add(U u) { return static_cast<T>(u) + val; }
| };
| 
| } // anonymous namespace
| 
| 
| // Does the compiler advertise C++ 2011 conformance?
| #if !defined __cplusplus || __cplusplus < 201103L
| # error "Compiler does not advertise C++11 conformance"
| #endif
| 
| namespace cxx11test
| {
|   constexpr int get_val() { return 20; }
| 
|   struct testinit
|   {
|     int i;
|     double d;
|   };
| 
|   class delegate
|   {
|   public:
|     delegate(int n) : n(n) {}
|     delegate(): delegate(2354) {}
| 
|     virtual int getval() { return this->n; };
|   protected:
|     int n;
|   };
| 
|   class overridden : public delegate
|   {
|   public:
|     overridden(int n): delegate(n) {}
|     virtual int getval() override final { return this->n * 2; }
|   };
| 
|   class nocopy
|   {
|   public:
|     nocopy(int i): i(i) {}
|     nocopy() = default;
|     nocopy(const nocopy&) = delete;
|     nocopy & operator=(const nocopy&) = delete;
|   private:
|     int i;
|   };
| 
|   // for testing lambda expressions
|   template <typename Ret, typename Fn> Ret eval(Fn f, Ret v)
|   {
|     return f(v);
|   }
| 
|   // for testing variadic templates and trailing return types
|   template <typename V> auto sum(V first) -> V
|   {
|     return first;
|   }
|   template <typename V, typename... Args> auto sum(V first, Args... rest) -> V
|   {
|     return first + sum(rest...);
|   }
| }
| 
| 
| int
| main (int argc, char **argv)
| {
|   int ok = 0;
|   
|   assert (argc);
|   assert (! argv[0]);
| {
|   test_exception_syntax ();
|   test_template<double> tt (2.0);
|   assert (tt.add (4) == 6.0);
|   assert (true && !false);
| }
| 
|   
| {
|   // Test auto and decltype
|   auto a1 = 6538;
|   auto a2 = 48573953.4;
|   auto a3 = "String literal";
| 
|   int total = 0;
|   for (auto i = a3; *i; ++i) { total += *i; }
| 
|   decltype(a2) a4 = 34895.034;
| }
| {
|   // Test constexpr
|   short sa[cxx11test::get_val()] = { 0 };
| }
| {
|   // Test initializer lists
|   cxx11test::testinit il = { 4323, 435234.23544 };
| }
| {
|   // Test range-based for
|   int array[] = {9, 7, 13, 15, 4, 18, 12, 10, 5, 3,
|                  14, 19, 17, 8, 6, 20, 16, 2, 11, 1};
|   for (auto &x : array) { x += 23; }
| }
| {
|   // Test lambda expressions
|   using cxx11test::eval;
|   assert (eval ([](int x) { return x*2; }, 21) == 42);
|   double d = 2.0;
|   assert (eval ([&](double x) { return d += x; }, 3.0) == 5.0);
|   assert (d == 5.0);
|   assert (eval ([=](double x) mutable { return d += x; }, 4.0) == 9.0);
|   assert (d == 5.0);
| }
| {
|   // Test use of variadic templates
|   using cxx11test::sum;
|   auto a = sum(1);
|   auto b = sum(1, 2);
|   auto c = sum(1.0, 2.0, 3.0);
| }
| {
|   // Test constructor delegation
|   cxx11test::delegate d1;
|   cxx11test::delegate d2();
|   cxx11test::delegate d3(45);
| }
| {
|   // Test override and final
|   cxx11test::overridden o1(55464);
| }
| {
|   // Test nullptr
|   char *c = nullptr;
| }
| {
|   // Test template brackets
|   test_template<::test_template<int>> v(test_template<int>(12));
| }
| {
|   // Unicode literals
|   char const *utf8 = u8"UTF-8 string \u2500";
|   char16_t const *utf16 = u"UTF-8 string \u2500";
|   char32_t const *utf32 = U"UTF-32 string \u2500";
| }
| 
|   return ok;
| }
| 
configure:5761: result: none needed
configure:5827: checking dependency style of g++
configure:5939: result: gcc3
configure:5959: checking how to run the C preprocessor
configure:5985: gcc -E  conftest.c
configure:5985: $? = 0
configure:6000: gcc -E  conftest.c
conftest.c:11:10: fatal error: 'ac_nonexistent.h' file not found
#include <ac_nonexistent.h>
         ^~~~~~~~~~~~~~~~~~
1 error generated.
configure:6000: $? = 1
configure: failed program was:
| /* confdefs.h */
| #define PACKAGE_NAME "Protocol Buffers"
| #define PACKAGE_TARNAME "protobuf"
| #define PACKAGE_VERSION "3.19.4"
| #define PACKAGE_STRING "Protocol Buffers 3.19.4"
| #define PACKAGE_BUGREPORT "protobuf@googlegroups.com"
| #define PACKAGE_URL ""
| #define PACKAGE "protobuf"
| #define VERSION "3.19.4"
| /* end confdefs.h.  */
| #include <ac_nonexistent.h>
configure:6027: result: gcc -E
configure:6041: gcc -E  conftest.c
configure:6041: $? = 0
configure:6056: gcc -E  conftest.c
conftest.c:11:10: fatal error: 'ac_nonexistent.h' file not found
#include <ac_nonexistent.h>
         ^~~~~~~~~~~~~~~~~~
1 error generated.
configure:6056: $? = 1
configure: failed program was:
| /* confdefs.h */
| #define PACKAGE_NAME "Protocol Buffers"
| #define PACKAGE_TARNAME "protobuf"
| #define PACKAGE_VERSION "3.19.4"
| #define PACKAGE_STRING "Protocol Buffers 3.19.4"
| #define PACKAGE_BUGREPORT "protobuf@googlegroups.com"
| #define PACKAGE_URL ""
| #define PACKAGE "protobuf"
| #define VERSION "3.19.4"
| /* end confdefs.h.  */
| #include <ac_nonexistent.h>
configure:6147: checking for gcc
configure:6168: found /usr/bin/gcc
configure:6179: result: gcc
configure:6532: checking for C compiler version
configure:6541: gcc --version >&5
Apple clang version 13.0.0 (clang-1300.0.29.30)
Target: x86_64-apple-darwin21.3.0
Thread model: posix
InstalledDir: /Applications/Xcode.app/Contents/Developer/Toolchains/XcodeDefault.xctoolchain/usr/bin
Configured with: --prefix=/Applications/Xcode.app/Contents/Developer/usr --with-gxx-include-dir=/Applications/Xcode.app/Contents/Developer/Platforms/MacOSX.platform/Developer/SDKs/MacOSX.sdk/usr/include/c++/4.2.1
configure:6552: $? = 0
configure:6541: gcc -v >&5
Configured with: --prefix=/Applications/Xcode.app/Contents/Developer/usr --with-gxx-include-dir=/Applications/Xcode.app/Contents/Developer/Platforms/MacOSX.platform/Developer/SDKs/MacOSX.sdk/usr/include/c++/4.2.1
Apple clang version 13.0.0 (clang-1300.0.29.30)
Target: x86_64-apple-darwin21.3.0
Thread model: posix
InstalledDir: /Applications/Xcode.app/Contents/Developer/Toolchains/XcodeDefault.xctoolchain/usr/bin
configure:6552: $? = 0
configure:6541: gcc -V >&5
clang: error: argument to '-V' is missing (expected 1 value)
clang: error: no input files
configure:6552: $? = 1
configure:6541: gcc -qversion >&5
clang: error: unknown argument '-qversion'; did you mean '--version'?
clang: error: no input files
configure:6552: $? = 1
configure:6541: gcc -version >&5
clang: error: unknown argument '-version'; did you mean '--version'?
clang: error: no input files
configure:6552: $? = 1
configure:6556: checking whether the compiler supports GNU C
configure:6586: result: yes
configure:6597: checking whether gcc accepts -g
configure:6618: gcc -c   conftest.c >&5
configure:6618: $? = 0
configure:6662: result: yes
configure:6682: checking for gcc option to enable C11 features
configure:6715: result: none needed
configure:6831: checking whether gcc understands -c and -o together
configure:6869: result: yes
configure:6888: checking dependency style of gcc
configure:7000: result: gcc3
configure:7020: checking how to run the C preprocessor
configure:7046: gcc -E  conftest.c
configure:7046: $? = 0
configure:7061: gcc -E  conftest.c
conftest.c:11:10: fatal error: 'ac_nonexistent.h' file not found
#include <ac_nonexistent.h>
         ^~~~~~~~~~~~~~~~~~
1 error generated.
configure:7061: $? = 1
configure: failed program was:
| /* confdefs.h */
| #define PACKAGE_NAME "Protocol Buffers"
| #define PACKAGE_TARNAME "protobuf"
| #define PACKAGE_VERSION "3.19.4"
| #define PACKAGE_STRING "Protocol Buffers 3.19.4"
| #define PACKAGE_BUGREPORT "protobuf@googlegroups.com"
| #define PACKAGE_URL ""
| #define PACKAGE "protobuf"
| #define VERSION "3.19.4"
| /* end confdefs.h.  */
| #include <ac_nonexistent.h>
configure:7088: result: gcc -E
configure:7102: gcc -E  conftest.c
configure:7102: $? = 0
configure:7117: gcc -E  conftest.c
conftest.c:11:10: fatal error: 'ac_nonexistent.h' file not found
#include <ac_nonexistent.h>
         ^~~~~~~~~~~~~~~~~~
1 error generated.
configure:7117: $? = 1
configure: failed program was:
| /* confdefs.h */
| #define PACKAGE_NAME "Protocol Buffers"
| #define PACKAGE_TARNAME "protobuf"
| #define PACKAGE_VERSION "3.19.4"
| #define PACKAGE_STRING "Protocol Buffers 3.19.4"
| #define PACKAGE_BUGREPORT "protobuf@googlegroups.com"
| #define PACKAGE_URL ""
| #define PACKAGE "protobuf"
| #define VERSION "3.19.4"
| /* end confdefs.h.  */
| #include <ac_nonexistent.h>
configure:7161: checking how to run the C++ preprocessor
configure:7183: g++ -E  conftest.cpp
configure:7183: $? = 0
configure:7198: g++ -E  conftest.cpp
conftest.cpp:11:10: fatal error: 'ac_nonexistent.h' file not found
#include <ac_nonexistent.h>
         ^~~~~~~~~~~~~~~~~~
1 error generated.
configure:7198: $? = 1
configure: failed program was:
| /* confdefs.h */
| #define PACKAGE_NAME "Protocol Buffers"
| #define PACKAGE_TARNAME "protobuf"
| #define PACKAGE_VERSION "3.19.4"
| #define PACKAGE_STRING "Protocol Buffers 3.19.4"
| #define PACKAGE_BUGREPORT "protobuf@googlegroups.com"
| #define PACKAGE_URL ""
| #define PACKAGE "protobuf"
| #define VERSION "3.19.4"
| /* end confdefs.h.  */
| #include <ac_nonexistent.h>
configure:7225: result: g++ -E
configure:7239: g++ -E  conftest.cpp
configure:7239: $? = 0
configure:7254: g++ -E  conftest.cpp
conftest.cpp:11:10: fatal error: 'ac_nonexistent.h' file not found
#include <ac_nonexistent.h>
         ^~~~~~~~~~~~~~~~~~
1 error generated.
configure:7254: $? = 1
configure: failed program was:
| /* confdefs.h */
| #define PACKAGE_NAME "Protocol Buffers"
| #define PACKAGE_TARNAME "protobuf"
| #define PACKAGE_VERSION "3.19.4"
| #define PACKAGE_STRING "Protocol Buffers 3.19.4"
| #define PACKAGE_BUGREPORT "protobuf@googlegroups.com"
| #define PACKAGE_URL ""
| #define PACKAGE "protobuf"
| #define VERSION "3.19.4"
| /* end confdefs.h.  */
| #include <ac_nonexistent.h>
configure:7354: checking for g++
configure:7375: found /usr/bin/g++
configure:7386: result: g++
configure:7413: checking for C++ compiler version
configure:7422: g++ --version >&5
Apple clang version 13.0.0 (clang-1300.0.29.30)
Target: x86_64-apple-darwin21.3.0
Thread model: posix
InstalledDir: /Applications/Xcode.app/Contents/Developer/Toolchains/XcodeDefault.xctoolchain/usr/bin
Configured with: --prefix=/Applications/Xcode.app/Contents/Developer/usr --with-gxx-include-dir=/Applications/Xcode.app/Contents/Developer/Platforms/MacOSX.platform/Developer/SDKs/MacOSX.sdk/usr/include/c++/4.2.1
configure:7433: $? = 0
configure:7422: g++ -v >&5
Configured with: --prefix=/Applications/Xcode.app/Contents/Developer/usr --with-gxx-include-dir=/Applications/Xcode.app/Contents/Developer/Platforms/MacOSX.platform/Developer/SDKs/MacOSX.sdk/usr/include/c++/4.2.1
Apple clang version 13.0.0 (clang-1300.0.29.30)
Target: x86_64-apple-darwin21.3.0
Thread model: posix
InstalledDir: /Applications/Xcode.app/Contents/Developer/Toolchains/XcodeDefault.xctoolchain/usr/bin
configure:7433: $? = 0
configure:7422: g++ -V >&5
clang: error: argument to '-V' is missing (expected 1 value)
clang: error: no input files
configure:7433: $? = 1
configure:7422: g++ -qversion >&5
clang: error: unknown argument '-qversion'; did you mean '--version'?
clang: error: no input files
configure:7433: $? = 1
configure:7437: checking whether the compiler supports GNU C++
configure:7467: result: yes
configure:7478: checking whether g++ accepts -g
configure:7499: gcc -c   conftest.cpp >&5
configure:7499: $? = 0
configure:7543: result: yes
configure:7563: checking for g++ option to enable C++11 features
configure:7596: result: none needed
configure:7662: checking dependency style of g++
configure:7774: result: gcc3
configure:7794: checking how to run the C++ preprocessor
configure:7816: g++ -E  conftest.cpp
configure:7816: $? = 0
configure:7831: g++ -E  conftest.cpp
conftest.cpp:11:10: fatal error: 'ac_nonexistent.h' file not found
#include <ac_nonexistent.h>
         ^~~~~~~~~~~~~~~~~~
1 error generated.
configure:7831: $? = 1
configure: failed program was:
| /* confdefs.h */
| #define PACKAGE_NAME "Protocol Buffers"
| #define PACKAGE_TARNAME "protobuf"
| #define PACKAGE_VERSION "3.19.4"
| #define PACKAGE_STRING "Protocol Buffers 3.19.4"
| #define PACKAGE_BUGREPORT "protobuf@googlegroups.com"
| #define PACKAGE_URL ""
| #define PACKAGE "protobuf"
| #define VERSION "3.19.4"
| /* end confdefs.h.  */
| #include <ac_nonexistent.h>
configure:7858: result: g++ -E
configure:7872: g++ -E  conftest.cpp
configure:7872: $? = 0
configure:7887: g++ -E  conftest.cpp
conftest.cpp:11:10: fatal error: 'ac_nonexistent.h' file not found
#include <ac_nonexistent.h>
         ^~~~~~~~~~~~~~~~~~
1 error generated.
configure:7887: $? = 1
configure: failed program was:
| /* confdefs.h */
| #define PACKAGE_NAME "Protocol Buffers"
| #define PACKAGE_TARNAME "protobuf"
| #define PACKAGE_VERSION "3.19.4"
| #define PACKAGE_STRING "Protocol Buffers 3.19.4"
| #define PACKAGE_BUGREPORT "protobuf@googlegroups.com"
| #define PACKAGE_URL ""
| #define PACKAGE "protobuf"
| #define VERSION "3.19.4"
| /* end confdefs.h.  */
| #include <ac_nonexistent.h>
configure:7934: checking for stdio.h
configure:7934: g++ -c   conftest.cpp >&5
configure:7934: $? = 0
configure:7934: result: yes
configure:7934: checking for stdlib.h
configure:7934: g++ -c   conftest.cpp >&5
configure:7934: $? = 0
configure:7934: result: yes
configure:7934: checking for string.h
configure:7934: g++ -c   conftest.cpp >&5
configure:7934: $? = 0
configure:7934: result: yes
configure:7934: checking for inttypes.h
configure:7934: g++ -c   conftest.cpp >&5
configure:7934: $? = 0
configure:7934: result: yes
configure:7934: checking for stdint.h
configure:7934: g++ -c   conftest.cpp >&5
configure:7934: $? = 0
configure:7934: result: yes
configure:7934: checking for strings.h
configure:7934: g++ -c   conftest.cpp >&5
configure:7934: $? = 0
configure:7934: result: yes
configure:7934: checking for sys/stat.h
configure:7934: g++ -c   conftest.cpp >&5
configure:7934: $? = 0
configure:7934: result: yes
configure:7934: checking for sys/types.h
configure:7934: g++ -c   conftest.cpp >&5
configure:7934: $? = 0
configure:7934: result: yes
configure:7934: checking for unistd.h
configure:7934: g++ -c   conftest.cpp >&5
configure:7934: $? = 0
configure:7934: result: yes
configure:7934: checking for wchar.h
configure:7934: g++ -c   conftest.cpp >&5
configure:7934: $? = 0
configure:7934: result: yes
configure:7934: checking for minix/config.h
configure:7934: g++ -c   conftest.cpp >&5
conftest.cpp:49:10: fatal error: 'minix/config.h' file not found
#include <minix/config.h>
         ^~~~~~~~~~~~~~~~
1 error generated.
configure:7934: $? = 1
configure: failed program was:
| /* confdefs.h */
| #define PACKAGE_NAME "Protocol Buffers"
| #define PACKAGE_TARNAME "protobuf"
| #define PACKAGE_VERSION "3.19.4"
| #define PACKAGE_STRING "Protocol Buffers 3.19.4"
| #define PACKAGE_BUGREPORT "protobuf@googlegroups.com"
| #define PACKAGE_URL ""
| #define PACKAGE "protobuf"
| #define VERSION "3.19.4"
| #define HAVE_STDIO_H 1
| #define HAVE_STDLIB_H 1
| #define HAVE_STRING_H 1
| #define HAVE_INTTYPES_H 1
| #define HAVE_STDINT_H 1
| #define HAVE_STRINGS_H 1
| #define HAVE_SYS_STAT_H 1
| #define HAVE_SYS_TYPES_H 1
| #define HAVE_UNISTD_H 1
| #define HAVE_WCHAR_H 1
| /* end confdefs.h.  */
| #include <stddef.h>
| #ifdef HAVE_STDIO_H
| # include <stdio.h>
| #endif
| #ifdef HAVE_STDLIB_H
| # include <stdlib.h>
| #endif
| #ifdef HAVE_STRING_H
| # include <string.h>
| #endif
| #ifdef HAVE_INTTYPES_H
| # include <inttypes.h>
| #endif
| #ifdef HAVE_STDINT_H
| # include <stdint.h>
| #endif
| #ifdef HAVE_STRINGS_H
| # include <strings.h>
| #endif
| #ifdef HAVE_SYS_TYPES_H
| # include <sys/types.h>
| #endif
| #ifdef HAVE_SYS_STAT_H
| # include <sys/stat.h>
| #endif
| #ifdef HAVE_UNISTD_H
| # include <unistd.h>
| #endif
| #include <minix/config.h>
configure:7934: result: no
configure:7965: checking whether it is safe to define __EXTENSIONS__
configure:7984: g++ -c   conftest.cpp >&5
configure:7984: $? = 0
configure:7992: result: yes
configure:7995: checking whether _XOPEN_SOURCE should be defined
configure:8017: g++ -c   conftest.cpp >&5
configure:8017: $? = 0
configure:8044: result: no
configure:8161: checking for ar
configure:8182: found /usr/bin/ar
configure:8193: result: ar
configure:8219: checking the archiver (ar) interface
configure:8236: gcc -c   conftest.c >&5
configure:8236: $? = 0
configure:8239: ar cru libconftest.a conftest.o >&5
configure:8242: $? = 0
configure:8270: result: ar
configure:8357: checking for gcc
configure:8378: found /usr/bin/gcc
configure:8389: result: gcc
configure:8414: checking for Objective C compiler version
configure:8423: gcc --version >&5
Apple clang version 13.0.0 (clang-1300.0.29.30)
Target: x86_64-apple-darwin21.3.0
Thread model: posix
InstalledDir: /Applications/Xcode.app/Contents/Developer/Toolchains/XcodeDefault.xctoolchain/usr/bin
Configured with: --prefix=/Applications/Xcode.app/Contents/Developer/usr --with-gxx-include-dir=/Applications/Xcode.app/Contents/Developer/Platforms/MacOSX.platform/Developer/SDKs/MacOSX.sdk/usr/include/c++/4.2.1
configure:8434: $? = 0
configure:8423: gcc -v >&5
Configured with: --prefix=/Applications/Xcode.app/Contents/Developer/usr --with-gxx-include-dir=/Applications/Xcode.app/Contents/Developer/Platforms/MacOSX.platform/Developer/SDKs/MacOSX.sdk/usr/include/c++/4.2.1
Apple clang version 13.0.0 (clang-1300.0.29.30)
Target: x86_64-apple-darwin21.3.0
Thread model: posix
InstalledDir: /Applications/Xcode.app/Contents/Developer/Toolchains/XcodeDefault.xctoolchain/usr/bin
configure:8434: $? = 0
configure:8423: gcc -V >&5
clang: error: argument to '-V' is missing (expected 1 value)
clang: error: no input files
configure:8434: $? = 1
configure:8423: gcc -qversion >&5
clang: error: unknown argument '-qversion'; did you mean '--version'?
clang: error: no input files
configure:8434: $? = 1
configure:8438: checking whether the compiler supports GNU Objective C
configure:8458: gcc -c   conftest.m >&5
configure:8458: $? = 0
configure:8468: result: yes
configure:8479: checking whether gcc accepts -g
configure:8500: gcc -c -g  conftest.m >&5
configure:8500: $? = 0
configure:8544: result: yes
configure:8569: checking dependency style of gcc
configure:8679: result: gcc3
configure:8696: checking C++ compiler flags...
configure:8714: result: use default: -O2  -g -std=c++11 -DNDEBUG
configure:8726: checking for g++ options needed to detect all undeclared functions
configure:8748: g++ -c  -g -std=c++11 -DNDEBUG  conftest.cpp >&5
conftest.cpp:42:8: error: use of undeclared identifier 'strchr'
(void) strchr;
       ^
1 error generated.
configure:8748: $? = 1
configure: failed program was:
| /* confdefs.h */
| #define PACKAGE_NAME "Protocol Buffers"
| #define PACKAGE_TARNAME "protobuf"
| #define PACKAGE_VERSION "3.19.4"
| #define PACKAGE_STRING "Protocol Buffers 3.19.4"
| #define PACKAGE_BUGREPORT "protobuf@googlegroups.com"
| #define PACKAGE_URL ""
| #define PACKAGE "protobuf"
| #define VERSION "3.19.4"
| #define HAVE_STDIO_H 1
| #define HAVE_STDLIB_H 1
| #define HAVE_STRING_H 1
| #define HAVE_INTTYPES_H 1
| #define HAVE_STDINT_H 1
| #define HAVE_STRINGS_H 1
| #define HAVE_SYS_STAT_H 1
| #define HAVE_SYS_TYPES_H 1
| #define HAVE_UNISTD_H 1
| #define HAVE_WCHAR_H 1
| #define STDC_HEADERS 1
| #define _ALL_SOURCE 1
| #define _DARWIN_C_SOURCE 1
| #define _GNU_SOURCE 1
| #define _HPUX_ALT_XOPEN_SOCKET_API 1
| #define _NETBSD_SOURCE 1
| #define _OPENBSD_SOURCE 1
| #define _POSIX_PTHREAD_SEMANTICS 1
| #define __STDC_WANT_IEC_60559_ATTRIBS_EXT__ 1
| #define __STDC_WANT_IEC_60559_BFP_EXT__ 1
| #define __STDC_WANT_IEC_60559_DFP_EXT__ 1
| #define __STDC_WANT_IEC_60559_FUNCS_EXT__ 1
| #define __STDC_WANT_IEC_60559_TYPES_EXT__ 1
| #define __STDC_WANT_LIB_EXT2__ 1
| #define __STDC_WANT_MATH_SPEC_FUNCS__ 1
| #define _TANDEM_SOURCE 1
| #define __EXTENSIONS__ 1
| /* end confdefs.h.  */
| 
| int
| main (void)
| {
| (void) strchr;
|   ;
|   return 0;
| }
configure:8775: g++ -c  -g -std=c++11 -DNDEBUG  conftest.cpp >&5
configure:8775: $? = 0
configure:8792: result: none needed
configure:8814: checking whether __SUNPRO_CC is declared
configure:8814: g++ -c  -g -std=c++11 -DNDEBUG   conftest.cpp >&5
conftest.cpp:71:10: error: use of undeclared identifier '__SUNPRO_CC'
  (void) __SUNPRO_CC;
         ^
1 error generated.
configure:8814: $? = 1
configure: failed program was:
| /* confdefs.h */
| #define PACKAGE_NAME "Protocol Buffers"
| #define PACKAGE_TARNAME "protobuf"
| #define PACKAGE_VERSION "3.19.4"
| #define PACKAGE_STRING "Protocol Buffers 3.19.4"
| #define PACKAGE_BUGREPORT "protobuf@googlegroups.com"
| #define PACKAGE_URL ""
| #define PACKAGE "protobuf"
| #define VERSION "3.19.4"
| #define HAVE_STDIO_H 1
| #define HAVE_STDLIB_H 1
| #define HAVE_STRING_H 1
| #define HAVE_INTTYPES_H 1
| #define HAVE_STDINT_H 1
| #define HAVE_STRINGS_H 1
| #define HAVE_SYS_STAT_H 1
| #define HAVE_SYS_TYPES_H 1
| #define HAVE_UNISTD_H 1
| #define HAVE_WCHAR_H 1
| #define STDC_HEADERS 1
| #define _ALL_SOURCE 1
| #define _DARWIN_C_SOURCE 1
| #define _GNU_SOURCE 1
| #define _HPUX_ALT_XOPEN_SOCKET_API 1
| #define _NETBSD_SOURCE 1
| #define _OPENBSD_SOURCE 1
| #define _POSIX_PTHREAD_SEMANTICS 1
| #define __STDC_WANT_IEC_60559_ATTRIBS_EXT__ 1
| #define __STDC_WANT_IEC_60559_BFP_EXT__ 1
| #define __STDC_WANT_IEC_60559_DFP_EXT__ 1
| #define __STDC_WANT_IEC_60559_FUNCS_EXT__ 1
| #define __STDC_WANT_IEC_60559_TYPES_EXT__ 1
| #define __STDC_WANT_LIB_EXT2__ 1
| #define __STDC_WANT_MATH_SPEC_FUNCS__ 1
| #define _TANDEM_SOURCE 1
| #define __EXTENSIONS__ 1
| /* end confdefs.h.  */
| #include <stddef.h>
| #ifdef HAVE_STDIO_H
| # include <stdio.h>
| #endif
| #ifdef HAVE_STDLIB_H
| # include <stdlib.h>
| #endif
| #ifdef HAVE_STRING_H
| # include <string.h>
| #endif
| #ifdef HAVE_INTTYPES_H
| # include <inttypes.h>
| #endif
| #ifdef HAVE_STDINT_H
| # include <stdint.h>
| #endif
| #ifdef HAVE_STRINGS_H
| # include <strings.h>
| #endif
| #ifdef HAVE_SYS_TYPES_H
| # include <sys/types.h>
| #endif
| #ifdef HAVE_SYS_STAT_H
| # include <sys/stat.h>
| #endif
| #ifdef HAVE_UNISTD_H
| # include <unistd.h>
| #endif
| int
| main (void)
| {
| #ifndef __SUNPRO_CC
| #ifdef __cplusplus
|   (void) __SUNPRO_CC;
| #else
|   (void) __SUNPRO_CC;
| #endif
| #endif
| 
|   ;
|   return 0;
| }
configure:8814: result: no
configure:8997: checking how to print strings
configure:9024: result: printf
configure:9045: checking for a sed that does not truncate output
configure:9115: result: /usr/bin/sed
configure:9133: checking for grep that handles long lines and -e
configure:9197: result: /usr/bin/grep
configure:9202: checking for egrep
configure:9270: result: /usr/bin/grep -E
configure:9275: checking for fgrep
configure:9343: result: /usr/bin/grep -F
configure:9379: checking for ld used by gcc
configure:9447: result: /Applications/Xcode.app/Contents/Developer/Toolchains/XcodeDefault.xctoolchain/usr/bin/ld
configure:9454: checking if the linker (/Applications/Xcode.app/Contents/Developer/Toolchains/XcodeDefault.xctoolchain/usr/bin/ld) is GNU ld
configure:9470: result: no
configure:9482: checking for BSD- or MS-compatible name lister (nm)
configure:9537: result: /usr/bin/nm -B
configure:9677: checking the name lister (/usr/bin/nm -B) interface
configure:9685: g++ -c  -g -std=c++11 -DNDEBUG  conftest.cpp >&5
configure:9688: /usr/bin/nm -B "conftest.o"
configure:9691: output
0000000000000270 S _some_variable
configure:9698: result: BSD nm
configure:9701: checking whether ln -s works
configure:9705: result: yes
configure:9713: checking the maximum length of command line arguments
configure:9845: result: 786432
configure:9893: checking how to convert x86_64-apple-darwin21.3.0 file names to x86_64-apple-darwin21.3.0 format
configure:9934: result: func_convert_file_noop
configure:9941: checking how to convert x86_64-apple-darwin21.3.0 file names to toolchain format
configure:9962: result: func_convert_file_noop
configure:9969: checking for /Applications/Xcode.app/Contents/Developer/Toolchains/XcodeDefault.xctoolchain/usr/bin/ld option to reload object files
configure:9977: result: -r
configure:10056: checking for file
configure:10077: found /usr/bin/file
configure:10088: result: file
configure:10164: checking for objdump
configure:10185: found /usr/bin/objdump
configure:10196: result: objdump
configure:10228: checking how to recognize dependent libraries
configure:10429: result: pass_all
configure:10519: checking for dlltool
configure:10554: result: no
configure:10584: checking how to associate runtime and link libraries
configure:10612: result: printf %s\n
configure:10762: checking for archiver @FILE support
configure:10780: g++ -c  -g -std=c++11 -DNDEBUG  conftest.cpp >&5
configure:10780: $? = 0
configure:10784: ar cr libconftest.a @conftest.lst >&5
ar: @conftest.lst: No such file or directory
configure:10787: $? = 1
configure:10807: result: no
configure:10870: checking for strip
configure:10891: found /usr/bin/strip
configure:10902: result: strip
configure:10979: checking for ranlib
configure:11000: found /usr/bin/ranlib
configure:11011: result: ranlib
configure:11113: checking command to parse /usr/bin/nm -B output from gcc object
configure:11267: g++ -c  -g -std=c++11 -DNDEBUG  conftest.cpp >&5
configure:11270: $? = 0
configure:11274: /usr/bin/nm -B conftest.o \| /usr/bin/sed -n -e 's/^.*[ ]\([BCDEGRST][BCDEGRST]*\)[ ][ ]*\([_A-Za-z][_A-Za-z0-9]*\)$/\1 \2 \2/p' | /usr/bin/sed '/ __gnu_lto/d' \> conftest.nm
configure:11277: $? = 0
cannot find nm_test_var in conftest.nm
configure:11267: g++ -c  -g -std=c++11 -DNDEBUG  conftest.cpp >&5
configure:11270: $? = 0
configure:11274: /usr/bin/nm -B conftest.o \| /usr/bin/sed -n -e 's/^.*[ ]\([BCDEGRST][BCDEGRST]*\)[ ][ ]*_\([_A-Za-z][_A-Za-z0-9]*\)$/\1 _\2 \2/p' | /usr/bin/sed '/ __gnu_lto/d' \> conftest.nm
configure:11277: $? = 0
configure:11343: g++ -o conftest  -g -std=c++11 -DNDEBUG   conftest.cpp conftstm.o >&5
configure:11346: $? = 0
configure:11384: result: ok
configure:11431: checking for sysroot
configure:11462: result: no
configure:11469: checking for a working dd
configure:11513: result: /bin/dd
configure:11517: checking how to truncate binary pipes
configure:11533: result: /bin/dd bs=4096 count=1
configure:11870: checking for mt
configure:11905: result: no
configure:11925: checking if : is a manifest tool
configure:11932: : '-?'
configure:11940: result: no
configure:12001: checking for dsymutil
configure:12022: found /usr/bin/dsymutil
configure:12033: result: dsymutil
configure:12103: checking for nmedit
configure:12124: found /usr/bin/nmedit
configure:12135: result: nmedit
configure:12205: checking for lipo
configure:12226: found /usr/bin/lipo
configure:12237: result: lipo
configure:12307: checking for otool
configure:12328: found /usr/bin/otool
configure:12339: result: otool
configure:12409: checking for otool64
configure:12444: result: no
configure:12489: checking for -single_module linker flag
gcc   -o libconftest.dylib -dynamiclib -Wl,-single_module conftest.c
configure:12523: result: yes
configure:12526: checking for -exported_symbols_list linker flag
configure:12547: g++ -o conftest  -g -std=c++11 -DNDEBUG   -Wl,-exported_symbols_list,conftest.sym conftest.cpp  >&5
configure:12547: $? = 0
configure:12558: result: yes
configure:12561: checking for -force_load linker flag
gcc  -c -o conftest.o conftest.c
ar cr libconftest.a conftest.o
ranlib libconftest.a
gcc   -o conftest conftest.c -Wl,-force_load,./libconftest.a
configure:12594: result: yes
configure:12661: checking for dlfcn.h
configure:12661: g++ -c  -g -std=c++11 -DNDEBUG  conftest.cpp >&5
configure:12661: $? = 0
configure:12661: result: yes
configure:12930: checking for objdir
configure:12946: result: .libs
configure:13210: checking if gcc supports -fno-rtti -fno-exceptions
configure:13229: gcc -c   -fno-rtti -fno-exceptions conftest.c >&5
configure:13233: $? = 0
configure:13246: result: yes
configure:13604: checking for gcc option to produce PIC
configure:13612: result: -fno-common -DPIC
configure:13620: checking if gcc PIC flag -fno-common -DPIC works
configure:13639: gcc -c   -fno-common -DPIC -DPIC conftest.c >&5
configure:13643: $? = 0
configure:13656: result: yes
configure:13685: checking if gcc static flag -static works
configure:13714: result: no
configure:13729: checking if gcc supports -c -o file.o
configure:13751: gcc -c   -o out/conftest2.o conftest.c >&5
configure:13755: $? = 0
configure:13777: result: yes
configure:13785: checking if gcc supports -c -o file.o
configure:13833: result: yes
configure:13866: checking whether the gcc linker (/Applications/Xcode.app/Contents/Developer/Toolchains/XcodeDefault.xctoolchain/usr/bin/ld) supports shared libraries
configure:15134: result: yes
configure:15375: checking dynamic linker characteristics
configure:16196: result: darwin21.3.0 dyld
configure:16318: checking how to hardcode library paths into programs
configure:16343: result: immediate
configure:16895: checking whether stripping libraries is possible
configure:16912: result: yes
configure:16946: checking if libtool supports shared libraries
configure:16948: result: yes
configure:16951: checking whether to build shared libraries
configure:16976: result: no
configure:16979: checking whether to build static libraries
configure:16983: result: yes
configure:17006: checking how to run the C++ preprocessor
configure:17070: result: g++ -E
configure:17084: g++ -E  conftest.cpp
configure:17084: $? = 0
configure:17099: g++ -E  conftest.cpp
conftest.cpp:40:10: fatal error: 'ac_nonexistent.h' file not found
#include <ac_nonexistent.h>
         ^~~~~~~~~~~~~~~~~~
1 error generated.
configure:17099: $? = 1
configure: failed program was:
| /* confdefs.h */
| #define PACKAGE_NAME "Protocol Buffers"
| #define PACKAGE_TARNAME "protobuf"
| #define PACKAGE_VERSION "3.19.4"
| #define PACKAGE_STRING "Protocol Buffers 3.19.4"
| #define PACKAGE_BUGREPORT "protobuf@googlegroups.com"
| #define PACKAGE_URL ""
| #define PACKAGE "protobuf"
| #define VERSION "3.19.4"
| #define HAVE_STDIO_H 1
| #define HAVE_STDLIB_H 1
| #define HAVE_STRING_H 1
| #define HAVE_INTTYPES_H 1
| #define HAVE_STDINT_H 1
| #define HAVE_STRINGS_H 1
| #define HAVE_SYS_STAT_H 1
| #define HAVE_SYS_TYPES_H 1
| #define HAVE_UNISTD_H 1
| #define HAVE_WCHAR_H 1
| #define STDC_HEADERS 1
| #define _ALL_SOURCE 1
| #define _DARWIN_C_SOURCE 1
| #define _GNU_SOURCE 1
| #define _HPUX_ALT_XOPEN_SOCKET_API 1
| #define _NETBSD_SOURCE 1
| #define _OPENBSD_SOURCE 1
| #define _POSIX_PTHREAD_SEMANTICS 1
| #define __STDC_WANT_IEC_60559_ATTRIBS_EXT__ 1
| #define __STDC_WANT_IEC_60559_BFP_EXT__ 1
| #define __STDC_WANT_IEC_60559_DFP_EXT__ 1
| #define __STDC_WANT_IEC_60559_FUNCS_EXT__ 1
| #define __STDC_WANT_IEC_60559_TYPES_EXT__ 1
| #define __STDC_WANT_LIB_EXT2__ 1
| #define __STDC_WANT_MATH_SPEC_FUNCS__ 1
| #define _TANDEM_SOURCE 1
| #define __EXTENSIONS__ 1
| #define HAVE_DLFCN_H 1
| #define LT_OBJDIR ".libs/"
| /* end confdefs.h.  */
| #include <ac_nonexistent.h>
configure:17264: checking for ld used by g++
configure:17332: result: /Applications/Xcode.app/Contents/Developer/Toolchains/XcodeDefault.xctoolchain/usr/bin/ld
configure:17339: checking if the linker (/Applications/Xcode.app/Contents/Developer/Toolchains/XcodeDefault.xctoolchain/usr/bin/ld) is GNU ld
configure:17355: result: no
configure:17410: checking whether the g++ linker (/Applications/Xcode.app/Contents/Developer/Toolchains/XcodeDefault.xctoolchain/usr/bin/ld) supports shared libraries
configure:18488: result: yes
configure:18524: g++ -c  -g -std=c++11 -DNDEBUG  conftest.cpp >&5
configure:18527: $? = 0
configure:19008: checking for g++ option to produce PIC
configure:19016: result: -fno-common -DPIC
configure:19024: checking if g++ PIC flag -fno-common -DPIC works
configure:19043: g++ -c  -g -std=c++11 -DNDEBUG  -fno-common -DPIC -DPIC conftest.cpp >&5
configure:19047: $? = 0
configure:19060: result: yes
configure:19083: checking if g++ static flag -static works
configure:19112: result: no
configure:19124: checking if g++ supports -c -o file.o
configure:19146: g++ -c  -g -std=c++11 -DNDEBUG  -o out/conftest2.o conftest.cpp >&5
configure:19150: $? = 0
configure:19172: result: yes
configure:19177: checking if g++ supports -c -o file.o
configure:19225: result: yes
configure:19255: checking whether the g++ linker (/Applications/Xcode.app/Contents/Developer/Toolchains/XcodeDefault.xctoolchain/usr/bin/ld) supports shared libraries
configure:19295: result: yes
configure:19437: checking dynamic linker characteristics
configure:20185: result: darwin21.3.0 dyld
configure:20250: checking how to hardcode library paths into programs
configure:20275: result: immediate
configure:20338: checking whether the linker supports version scripts
configure:20354: g++ -o conftest  -g -std=c++11 -DNDEBUG   -Wl,--version-script=conftest.map conftest.cpp  >&5
ld: unknown option: --version-script=conftest.map
clang: error: linker command failed with exit code 1 (use -v to see invocation)
configure:20354: $? = 1
configure: failed program was:
| /* confdefs.h */
| #define PACKAGE_NAME "Protocol Buffers"
| #define PACKAGE_TARNAME "protobuf"
| #define PACKAGE_VERSION "3.19.4"
| #define PACKAGE_STRING "Protocol Buffers 3.19.4"
| #define PACKAGE_BUGREPORT "protobuf@googlegroups.com"
| #define PACKAGE_URL ""
| #define PACKAGE "protobuf"
| #define VERSION "3.19.4"
| #define HAVE_STDIO_H 1
| #define HAVE_STDLIB_H 1
| #define HAVE_STRING_H 1
| #define HAVE_INTTYPES_H 1
| #define HAVE_STDINT_H 1
| #define HAVE_STRINGS_H 1
| #define HAVE_SYS_STAT_H 1
| #define HAVE_SYS_TYPES_H 1
| #define HAVE_UNISTD_H 1
| #define HAVE_WCHAR_H 1
| #define STDC_HEADERS 1
| #define _ALL_SOURCE 1
| #define _DARWIN_C_SOURCE 1
| #define _GNU_SOURCE 1
| #define _HPUX_ALT_XOPEN_SOCKET_API 1
| #define _NETBSD_SOURCE 1
| #define _OPENBSD_SOURCE 1
| #define _POSIX_PTHREAD_SEMANTICS 1
| #define __STDC_WANT_IEC_60559_ATTRIBS_EXT__ 1
| #define __STDC_WANT_IEC_60559_BFP_EXT__ 1
| #define __STDC_WANT_IEC_60559_DFP_EXT__ 1
| #define __STDC_WANT_IEC_60559_FUNCS_EXT__ 1
| #define __STDC_WANT_IEC_60559_TYPES_EXT__ 1
| #define __STDC_WANT_LIB_EXT2__ 1
| #define __STDC_WANT_MATH_SPEC_FUNCS__ 1
| #define _TANDEM_SOURCE 1
| #define __EXTENSIONS__ 1
| #define HAVE_DLFCN_H 1
| #define LT_OBJDIR ".libs/"
| /* end confdefs.h.  */
| int main() { return 0; }
configure:20359: result: no
configure:20378: checking for egrep
configure:20446: result: /usr/bin/grep -E
configure:20452: checking for fcntl.h
configure:20452: g++ -c  -g -std=c++11 -DNDEBUG  conftest.cpp >&5
configure:20452: $? = 0
configure:20452: result: yes
configure:20458: checking for inttypes.h
configure:20458: result: yes
configure:20464: checking for limits.h
configure:20464: g++ -c  -g -std=c++11 -DNDEBUG  conftest.cpp >&5
configure:20464: $? = 0
configure:20464: result: yes
configure:20470: checking for stdlib.h
configure:20470: result: yes
configure:20476: checking for unistd.h
configure:20476: result: yes
configure:20485: checking for working memcmp
configure:20530: g++ -o conftest  -g -std=c++11 -DNDEBUG   conftest.cpp  >&5
configure:20530: $? = 0
configure:20530: ./conftest
configure:20530: $? = 0
configure:20541: result: yes
configure:20550: checking for working strtod
configure:20593: g++ -o conftest  -g -std=c++11 -DNDEBUG   conftest.cpp  >&5
conftest.cpp:82:20: warning: ISO C++11 does not allow conversion from string literal to 'char *' [-Wwritable-strings]
    char *string = " +69";
                   ^
conftest.cpp:93:20: warning: ISO C++11 does not allow conversion from string literal to 'char *' [-Wwritable-strings]
    char *string = "NaN";
                   ^
2 warnings generated.
configure:20593: $? = 0
configure:20593: ./conftest
configure:20593: $? = 0
configure:20604: result: yes
configure:20666: checking for ftruncate
configure:20666: g++ -o conftest  -g -std=c++11 -DNDEBUG   conftest.cpp  >&5
configure:20666: $? = 0
configure:20666: result: yes
configure:20672: checking for memset
configure:20672: g++ -o conftest  -g -std=c++11 -DNDEBUG   conftest.cpp  >&5
configure:20672: $? = 0
configure:20672: result: yes
configure:20678: checking for mkdir
configure:20678: g++ -o conftest  -g -std=c++11 -DNDEBUG   conftest.cpp  >&5
configure:20678: $? = 0
configure:20678: result: yes
configure:20684: checking for strchr
configure:20684: g++ -o conftest  -g -std=c++11 -DNDEBUG   conftest.cpp  >&5
configure:20684: $? = 0
configure:20684: result: yes
configure:20690: checking for strerror
configure:20690: g++ -o conftest  -g -std=c++11 -DNDEBUG   conftest.cpp  >&5
configure:20690: $? = 0
configure:20690: result: yes
configure:20696: checking for strtol
configure:20696: g++ -o conftest  -g -std=c++11 -DNDEBUG   conftest.cpp  >&5
configure:20696: $? = 0
configure:20696: result: yes
configure:20709: checking zlib version
configure:20729: g++ -c  -g -std=c++11 -DNDEBUG  conftest.cpp >&5
configure:20729: $? = 0
configure:20732: result: ok (1.2.0.4 or later)
configure:20736: checking for library containing zlibVersion
configure:20765: g++ -o conftest  -g -std=c++11 -DNDEBUG   conftest.cpp  >&5
Undefined symbols for architecture x86_64:
  "_zlibVersion", referenced from:
      _main in conftest-5d30ba.o
ld: symbol(s) not found for architecture x86_64
clang: error: linker command failed with exit code 1 (use -v to see invocation)
configure:20765: $? = 1
configure: failed program was:
| /* confdefs.h */
| #define PACKAGE_NAME "Protocol Buffers"
| #define PACKAGE_TARNAME "protobuf"
| #define PACKAGE_VERSION "3.19.4"
| #define PACKAGE_STRING "Protocol Buffers 3.19.4"
| #define PACKAGE_BUGREPORT "protobuf@googlegroups.com"
| #define PACKAGE_URL ""
| #define PACKAGE "protobuf"
| #define VERSION "3.19.4"
| #define HAVE_STDIO_H 1
| #define HAVE_STDLIB_H 1
| #define HAVE_STRING_H 1
| #define HAVE_INTTYPES_H 1
| #define HAVE_STDINT_H 1
| #define HAVE_STRINGS_H 1
| #define HAVE_SYS_STAT_H 1
| #define HAVE_SYS_TYPES_H 1
| #define HAVE_UNISTD_H 1
| #define HAVE_WCHAR_H 1
| #define STDC_HEADERS 1
| #define _ALL_SOURCE 1
| #define _DARWIN_C_SOURCE 1
| #define _GNU_SOURCE 1
| #define _HPUX_ALT_XOPEN_SOCKET_API 1
| #define _NETBSD_SOURCE 1
| #define _OPENBSD_SOURCE 1
| #define _POSIX_PTHREAD_SEMANTICS 1
| #define __STDC_WANT_IEC_60559_ATTRIBS_EXT__ 1
| #define __STDC_WANT_IEC_60559_BFP_EXT__ 1
| #define __STDC_WANT_IEC_60559_DFP_EXT__ 1
| #define __STDC_WANT_IEC_60559_FUNCS_EXT__ 1
| #define __STDC_WANT_IEC_60559_TYPES_EXT__ 1
| #define __STDC_WANT_LIB_EXT2__ 1
| #define __STDC_WANT_MATH_SPEC_FUNCS__ 1
| #define _TANDEM_SOURCE 1
| #define __EXTENSIONS__ 1
| #define HAVE_DLFCN_H 1
| #define LT_OBJDIR ".libs/"
| #define HAVE_FCNTL_H 1
| #define HAVE_INTTYPES_H 1
| #define HAVE_LIMITS_H 1
| #define HAVE_STDLIB_H 1
| #define HAVE_UNISTD_H 1
| #define HAVE_FTRUNCATE 1
| #define HAVE_MEMSET 1
| #define HAVE_MKDIR 1
| #define HAVE_STRCHR 1
| #define HAVE_STRERROR 1
| #define HAVE_STRTOL 1
| /* end confdefs.h.  */
| 
| namespace conftest {
|   extern "C" int zlibVersion ();
| }
| int
| main (void)
| {
| return conftest::zlibVersion ();
|   ;
|   return 0;
| }
configure:20765: g++ -o conftest  -g -std=c++11 -DNDEBUG   conftest.cpp -lz   >&5
configure:20765: $? = 0
configure:20785: result: -lz
configure:20851: checking whether g++ supports C++11 features by default
configure:21165: g++ -c  -g -std=c++11 -DNDEBUG  conftest.cpp >&5
configure:21165: $? = 0
configure:21173: result: yes
configure:21552: checking whether -latomic is needed
configure:21565: g++ -o conftest  -g -std=c++11 -DNDEBUG   conftest.cpp -lz  >&5
configure:21565: $? = 0
configure:21573: result: no
configure:21772: checking whether gcc is Clang
configure:21799: result: yes
configure:21864: checking whether pthreads work with "-pthread" and "-lpthread"
configure:21975: gcc -o conftest  -pthread   conftest.c -lpthread -lz  >&5
configure:21975: $? = 0
configure:21985: result: yes
configure:22034: checking whether Clang needs flag to prevent "argument unused" warning when linking with -pthread
configure:22061: gcc -o conftest -Werror -Wunknown-warning-option  -pthread    conftest.c -lz  >&5
configure:22061: $? = 0
configure:22068: (gcc -c -Werror -Wunknown-warning-option  -pthread   conftest.c >&5) && (echo ==== >&5) && (gcc -o conftest -Werror -Wunknown-warning-option  -pthread    conftest.o -lz  >&5)
====
configure:22068: $? = 0
configure:22088: result: no
configure:22108: checking for joinable pthread attribute
configure:22127: gcc -o conftest  -pthread   conftest.c -lpthread -lz  >&5
configure:22127: $? = 0
configure:22136: result: PTHREAD_CREATE_JOINABLE
configure:22149: checking whether more special flags are required for pthreads
configure:22163: result: no
configure:22172: checking for PTHREAD_PRIO_INHERIT
configure:22190: gcc -o conftest  -pthread   conftest.c -lpthread -lz  >&5
configure:22190: $? = 0
configure:22200: result: yes
configure:22319: checking the location of hash_map
configure:22345: g++ -c  -g -std=c++11 -DNDEBUG  conftest.cpp >&5
configure:22345: $? = 0
configure:22368: g++ -c  -g -std=c++11 -DNDEBUG  conftest.cpp >&5
configure:22368: $? = 0
configure:22427: result: <unordered_map>
configure:22453: checking whether -llog is needed
configure:22461: result: no
configure:22593: checking that generated files are newer than configure
configure:22599: result: done
configure:22662: creating ./config.status

## ---------------------- ##
## Running config.status. ##
## ---------------------- ##

This file was extended by Protocol Buffers config.status 3.19.4, which was
generated by GNU Autoconf 2.71.  Invocation command line was

  CONFIG_FILES    = 
  CONFIG_HEADERS  = 
  CONFIG_LINKS    = 
  CONFIG_COMMANDS = 
  $ ./config.status 

on meki-mac-pro.local

config.status:1238: creating Makefile
config.status:1238: creating src/Makefile
config.status:1238: creating benchmarks/Makefile
config.status:1238: creating conformance/Makefile
config.status:1238: creating protobuf.pc
config.status:1238: creating protobuf-lite.pc
config.status:1238: creating config.h
config.status:1467: executing depfiles commands
config.status:1544: cd src       && sed -e '/# am--include-marker/d' Makefile         | make -f - am--depfiles
config.status:1549: $? = 0
config.status:1544: cd benchmarks       && sed -e '/# am--include-marker/d' Makefile         | make -f - am--depfiles
config.status:1549: $? = 0
config.status:1544: cd conformance       && sed -e '/# am--include-marker/d' Makefile         | make -f - am--depfiles
config.status:1549: $? = 0
config.status:1467: executing libtool commands
configure:25148: === configuring in third_party/googletest (/Users/xuyc/repo/github/FeigeChat-Desktop/src/3rd-party/protobuf-3.19.4/third_party/googletest)
configure:25209: running /bin/sh ./configure --disable-option-checking '--prefix=/Users/xuyc/repo/github/FeigeChat-Desktop/src/3rd-party/lib'  '--with-protoc=protoc' '--disable-shared' --cache-file=/dev/null --srcdir=.

## ---------------- ##
## Cache variables. ##
## ---------------- ##

ac_cv_build=x86_64-apple-darwin21.3.0
ac_cv_build_prog_CPP='gcc -E'
ac_cv_build_prog_CXXCPP='g++ -E'
ac_cv_build_prog_cc_g=yes
ac_cv_build_prog_cxx_g=yes
ac_cv_c_compiler_gnu=yes
ac_cv_cxx_compiler_gnu=yes
ac_cv_cxx_hash_map='<unordered_map>'
ac_cv_cxx_hash_map_class=unordered_map
ac_cv_cxx_hash_namespace=std
ac_cv_cxx_hash_set='<unordered_set>'
ac_cv_cxx_hash_set_class=unordered_set
ac_cv_cxx_undeclared_builtin_options='none needed'
ac_cv_env_CCC_set=
ac_cv_env_CCC_value=
ac_cv_env_CC_set=
ac_cv_env_CC_value=
ac_cv_env_CFLAGS_set=
ac_cv_env_CFLAGS_value=
ac_cv_env_CPPFLAGS_set=
ac_cv_env_CPPFLAGS_value=
ac_cv_env_CPP_set=
ac_cv_env_CPP_value=
ac_cv_env_CXXCPP_set=
ac_cv_env_CXXCPP_value=
ac_cv_env_CXXFLAGS_set=
ac_cv_env_CXXFLAGS_value=
ac_cv_env_CXX_set=
ac_cv_env_CXX_value=
ac_cv_env_DIST_LANG_set=
ac_cv_env_DIST_LANG_value=
ac_cv_env_LDFLAGS_set=
ac_cv_env_LDFLAGS_value=
ac_cv_env_LIBS_set=
ac_cv_env_LIBS_value=
ac_cv_env_LT_SYS_LIBRARY_PATH_set=
ac_cv_env_LT_SYS_LIBRARY_PATH_value=
ac_cv_env_OBJCFLAGS_set=
ac_cv_env_OBJCFLAGS_value=
ac_cv_env_OBJC_set=
ac_cv_env_OBJC_value=
ac_cv_env_build_alias_set=
ac_cv_env_build_alias_value=
ac_cv_env_host_alias_set=
ac_cv_env_host_alias_value=
ac_cv_env_target_alias_set=
ac_cv_env_target_alias_value=
ac_cv_func_ftruncate=yes
ac_cv_func_memcmp_working=yes
ac_cv_func_memset=yes
ac_cv_func_mkdir=yes
ac_cv_func_strchr=yes
ac_cv_func_strerror=yes
ac_cv_func_strtod=yes
ac_cv_func_strtol=yes
ac_cv_have_decl___SUNPRO_CC=no
ac_cv_header_dlfcn_h=yes
ac_cv_header_fcntl_h=yes
ac_cv_header_inttypes_h=yes
ac_cv_header_limits_h=yes
ac_cv_header_minix_config_h=no
ac_cv_header_stdint_h=yes
ac_cv_header_stdio_h=yes
ac_cv_header_stdlib_h=yes
ac_cv_header_string_h=yes
ac_cv_header_strings_h=yes
ac_cv_header_sys_stat_h=yes
ac_cv_header_sys_types_h=yes
ac_cv_header_unistd_h=yes
ac_cv_header_wchar_h=yes
ac_cv_host=x86_64-apple-darwin21.3.0
ac_cv_objc_compiler_gnu=yes
ac_cv_objext=o
ac_cv_path_EGREP='/usr/bin/grep -E'
ac_cv_path_FGREP='/usr/bin/grep -F'
ac_cv_path_GREP=/usr/bin/grep
ac_cv_path_SED=/usr/bin/sed
ac_cv_path_install='/usr/local/bin/ginstall -c'
ac_cv_path_lt_DD=/bin/dd
ac_cv_path_mkdir=/usr/local/bin/gmkdir
ac_cv_prog_AWK=awk
ac_cv_prog_CPP='gcc -E'
ac_cv_prog_CXXCPP='g++ -E'
ac_cv_prog_ac_ct_AR=ar
ac_cv_prog_ac_ct_CC=gcc
ac_cv_prog_ac_ct_CC_FOR_BUILD=gcc
ac_cv_prog_ac_ct_CXX=g++
ac_cv_prog_ac_ct_CXX_FOR_BUILD=g++
ac_cv_prog_ac_ct_DSYMUTIL=dsymutil
ac_cv_prog_ac_ct_FILECMD=file
ac_cv_prog_ac_ct_LIPO=lipo
ac_cv_prog_ac_ct_NMEDIT=nmedit
ac_cv_prog_ac_ct_OBJC=gcc
ac_cv_prog_ac_ct_OBJDUMP=objdump
ac_cv_prog_ac_ct_OTOOL=otool
ac_cv_prog_ac_ct_RANLIB=ranlib
ac_cv_prog_ac_ct_STRIP=strip
ac_cv_prog_cc_c11=
ac_cv_prog_cc_g=yes
ac_cv_prog_cc_stdc=
ac_cv_prog_cxx_11=no
ac_cv_prog_cxx_g=yes
ac_cv_prog_cxx_stdcxx=
ac_cv_prog_make_make_set=yes
ac_cv_prog_objc_g=yes
ac_cv_safe_to_define___extensions__=yes
ac_cv_search_zlibVersion=-lz
ac_cv_should_define__xopen_source=no
ac_cv_target=x86_64-apple-darwin21.3.0
am_cv_CC_dependencies_compiler_type=gcc3
am_cv_CXX_dependencies_compiler_type=gcc3
am_cv_OBJC_dependencies_compiler_type=gcc3
am_cv_ar_interface=ar
am_cv_make_support_nested_variables=yes
am_cv_prog_cc_c_o=yes
am_cv_prog_tar_ustar=gnutar
ax_cv_PTHREAD_CLANG=yes
ax_cv_PTHREAD_CLANG_NO_WARN_FLAG=no
ax_cv_PTHREAD_JOINABLE_ATTR=PTHREAD_CREATE_JOINABLE
ax_cv_PTHREAD_PRIO_INHERIT=yes
ax_cv_PTHREAD_SPECIAL_FLAGS=no
ax_cv_cxx_compile_cxx11=yes
lt_cv_apple_cc_single_mod=yes
lt_cv_ar_at_file=no
lt_cv_deplibs_check_method=pass_all
lt_cv_file_magic_cmd='$MAGIC_CMD'
lt_cv_file_magic_test_file=
lt_cv_ld_exported_symbols_list=yes
lt_cv_ld_force_load=yes
lt_cv_ld_reload_flag=-r
lt_cv_nm_interface='BSD nm'
lt_cv_objdir=.libs
lt_cv_path_LD=/Applications/Xcode.app/Contents/Developer/Toolchains/XcodeDefault.xctoolchain/usr/bin/ld
lt_cv_path_LDCXX=/Applications/Xcode.app/Contents/Developer/Toolchains/XcodeDefault.xctoolchain/usr/bin/ld
lt_cv_path_NM='/usr/bin/nm -B'
lt_cv_path_mainfest_tool=no
lt_cv_prog_compiler_c_o=yes
lt_cv_prog_compiler_c_o_CXX=yes
lt_cv_prog_compiler_pic='-fno-common -DPIC'
lt_cv_prog_compiler_pic_CXX='-fno-common -DPIC'
lt_cv_prog_compiler_pic_works=yes
lt_cv_prog_compiler_pic_works_CXX=yes
lt_cv_prog_compiler_rtti_exceptions=yes
lt_cv_prog_compiler_static_works=no
lt_cv_prog_compiler_static_works_CXX=no
lt_cv_prog_gnu_ld=no
lt_cv_prog_gnu_ldcxx=no
lt_cv_sharedlib_from_linklib_cmd='printf %s\n'
lt_cv_sys_global_symbol_pipe='/usr/bin/sed -n -e '\''s/^.*[	 ]\([BCDEGRST][BCDEGRST]*\)[	 ][	 ]*_\([_A-Za-z][_A-Za-z0-9]*\)$/\1 _\2 \2/p'\'' | /usr/bin/sed '\''/ __gnu_lto/d'\'''
lt_cv_sys_global_symbol_to_c_name_address='/usr/bin/sed -n -e '\''s/^: \(.*\) .*$/  {"\1", (void *) 0},/p'\'' -e '\''s/^[BCDEGRST][BCDEGRST]* .* \(.*\)$/  {"\1", (void *) \&\1},/p'\'''
lt_cv_sys_global_symbol_to_c_name_address_lib_prefix='/usr/bin/sed -n -e '\''s/^: \(.*\) .*$/  {"\1", (void *) 0},/p'\'' -e '\''s/^[BCDEGRST][BCDEGRST]* .* \(lib.*\)$/  {"\1", (void *) \&\1},/p'\'' -e '\''s/^[BCDEGRST][BCDEGRST]* .* \(.*\)$/  {"lib\1", (void *) \&\1},/p'\'''
lt_cv_sys_global_symbol_to_cdecl='/usr/bin/sed -n -e '\''s/^T .* \(.*\)$/extern int \1();/p'\'' -e '\''s/^[BCDEGRST][BCDEGRST]* .* \(.*\)$/extern char \1;/p'\'''
lt_cv_sys_global_symbol_to_import=
lt_cv_sys_max_cmd_len=786432
lt_cv_to_host_file_cmd=func_convert_file_noop
lt_cv_to_tool_file_cmd=func_convert_file_noop
lt_cv_truncate_bin='/bin/dd bs=4096 count=1'

## ----------------- ##
## Output variables. ##
## ----------------- ##

ACLOCAL='${SHELL} '\''/Users/xuyc/repo/github/FeigeChat-Desktop/src/3rd-party/protobuf-3.19.4/missing'\'' aclocal-1.16'
AMDEPBACKSLASH='\'
AMDEP_FALSE='#'
AMDEP_TRUE=''
AMTAR='$${TAR-tar}'
AM_BACKSLASH='\'
AM_DEFAULT_V='$(AM_DEFAULT_VERBOSITY)'
AM_DEFAULT_VERBOSITY='0'
AM_V='$(V)'
AR='ar'
AUTOCONF='${SHELL} '\''/Users/xuyc/repo/github/FeigeChat-Desktop/src/3rd-party/protobuf-3.19.4/missing'\'' autoconf'
AUTOHEADER='${SHELL} '\''/Users/xuyc/repo/github/FeigeChat-Desktop/src/3rd-party/protobuf-3.19.4/missing'\'' autoheader'
AUTOMAKE='${SHELL} '\''/Users/xuyc/repo/github/FeigeChat-Desktop/src/3rd-party/protobuf-3.19.4/missing'\'' automake-1.16'
AWK='awk'
BUILD_EXEEXT=''
BUILD_OBJEXT=''
CC='gcc'
CCDEPMODE='depmode=gcc3'
CC_FOR_BUILD='gcc'
CFLAGS=''
CFLAGS_FOR_BUILD='-g -O2'
CPP='gcc -E'
CPPFLAGS=''
CPPFLAGS_FOR_BUILD=''
CPP_FOR_BUILD='gcc -E'
CSCOPE='cscope'
CTAGS='ctags'
CXX='g++'
CXXCPP='g++ -E'
CXXCPPFLAGS_FOR_BUILD=''
CXXCPP_FOR_BUILD='g++ -E'
CXXDEPMODE='depmode=gcc3'
CXXFLAGS=' -g -std=c++11 -DNDEBUG'
CXXFLAGS_FOR_BUILD='-g -O2'
CXX_FOR_BUILD='g++'
CYGPATH_W='echo'
DEFS='-DHAVE_CONFIG_H'
DEPDIR='.deps'
DIST_LANG='all'
DLLTOOL='false'
DSYMUTIL='dsymutil'
DUMPBIN=''
ECHO_C='\c'
ECHO_N=''
ECHO_T=''
EGREP='/usr/bin/grep -E'
ETAGS='etags'
EXEEXT=''
FGREP='/usr/bin/grep -F'
FILECMD='file'
GCC_FALSE='#'
GCC_TRUE=''
GREP='/usr/bin/grep'
HAVE_CXX11='1'
HAVE_LD_VERSION_SCRIPT_FALSE=''
HAVE_LD_VERSION_SCRIPT_TRUE='#'
HAVE_PTHREAD_FALSE='#'
HAVE_PTHREAD_TRUE=''
HAVE_ZLIB_FALSE='#'
HAVE_ZLIB_TRUE=''
INSTALL_DATA='${INSTALL} -m 644'
INSTALL_PROGRAM='${INSTALL}'
INSTALL_SCRIPT='${INSTALL}'
INSTALL_STRIP_PROGRAM='$(install_sh) -c -s'
ISAINFO=''
LD='/Applications/Xcode.app/Contents/Developer/Toolchains/XcodeDefault.xctoolchain/usr/bin/ld'
LDFLAGS=''
LDFLAGS_FOR_BUILD=''
LIBATOMIC_LIBS=''
LIBLOG_LIBS=''
LIBOBJS=''
LIBS='-lz '
LIBTOOL='$(SHELL) $(top_builddir)/libtool'
LIPO='lipo'
LN_S='ln -s'
LTLIBOBJS=''
LT_SYS_LIBRARY_PATH=''
MAINT=''
MAINTAINER_MODE_FALSE='#'
MAINTAINER_MODE_TRUE=''
MAKEINFO='${SHELL} '\''/Users/xuyc/repo/github/FeigeChat-Desktop/src/3rd-party/protobuf-3.19.4/missing'\'' makeinfo'
MANIFEST_TOOL=':'
MKDIR_P='/usr/local/bin/gmkdir -p'
NM='/usr/bin/nm -B'
NMEDIT='nmedit'
OBJC='gcc'
OBJCDEPMODE='depmode=gcc3'
OBJCFLAGS='-g -O2'
OBJC_CONFORMANCE_TEST_FALSE='#'
OBJC_CONFORMANCE_TEST_TRUE=''
OBJDUMP='objdump'
OBJEXT='o'
OTOOL64=':'
OTOOL='otool'
PACKAGE='protobuf'
PACKAGE_BUGREPORT='protobuf@googlegroups.com'
PACKAGE_NAME='Protocol Buffers'
PACKAGE_STRING='Protocol Buffers 3.19.4'
PACKAGE_TARNAME='protobuf'
PACKAGE_URL=''
PACKAGE_VERSION='3.19.4'
PATH_SEPARATOR=':'
POW_LIB=''
PROTOBUF_OPT_FLAG='-O2'
PROTOC='protoc'
PTHREAD_CC='gcc'
PTHREAD_CFLAGS='-pthread'
PTHREAD_LIBS='-lpthread'
RANLIB='ranlib'
SED='/usr/bin/sed'
SET_MAKE=''
SHELL='/bin/sh'
STRIP='strip'
USE_EXTERNAL_PROTOC_FALSE='#'
USE_EXTERNAL_PROTOC_TRUE=''
VERSION='3.19.4'
ac_ct_AR='ar'
ac_ct_CC='gcc'
ac_ct_CC_FOR_BUILD='gcc'
ac_ct_CXX='g++'
ac_ct_CXX_FOR_BUILD='g++'
ac_ct_DUMPBIN=''
ac_ct_OBJC='gcc'
am__EXEEXT_FALSE=''
am__EXEEXT_TRUE='#'
am__fastdepCC_FALSE='#'
am__fastdepCC_TRUE=''
am__fastdepCXX_FALSE='#'
am__fastdepCXX_TRUE=''
am__fastdepOBJC_FALSE='#'
am__fastdepOBJC_TRUE=''
am__include='include'
am__isrc=''
am__leading_dot='.'
am__nodep='_no'
am__quote=''
am__tar='tar --format=ustar -chf - "$$tardir"'
am__untar='tar -xf -'
ax_pthread_config=''
bindir='${exec_prefix}/bin'
build='x86_64-apple-darwin21.3.0'
build_alias=''
build_cpu='x86_64'
build_os='darwin21.3.0'
build_vendor='apple'
datadir='${datarootdir}'
datarootdir='${prefix}/share'
docdir='${datarootdir}/doc/${PACKAGE_TARNAME}'
dvidir='${docdir}'
exec_prefix='${prefix}'
host='x86_64-apple-darwin21.3.0'
host_alias=''
host_cpu='x86_64'
host_os='darwin21.3.0'
host_vendor='apple'
htmldir='${docdir}'
includedir='${prefix}/include'
infodir='${datarootdir}/info'
install_sh='${SHELL} /Users/xuyc/repo/github/FeigeChat-Desktop/src/3rd-party/protobuf-3.19.4/install-sh'
libdir='${exec_prefix}/lib'
libexecdir='${exec_prefix}/libexec'
localedir='${datarootdir}/locale'
localstatedir='${prefix}/var'
mandir='${datarootdir}/man'
mkdir_p='$(MKDIR_P)'
oldincludedir='/usr/include'
pdfdir='${docdir}'
prefix='/Users/xuyc/repo/github/FeigeChat-Desktop/src/3rd-party/lib'
program_transform_name='s,x,x,'
psdir='${docdir}'
runstatedir='${localstatedir}/run'
sbindir='${exec_prefix}/sbin'
sharedstatedir='${prefix}/com'
subdirs=' third_party/googletest'
sysconfdir='${prefix}/etc'
target='x86_64-apple-darwin21.3.0'
target_alias=''
target_cpu='x86_64'
target_os='darwin21.3.0'
target_vendor='apple'

## ----------- ##
## confdefs.h. ##
## ----------- ##

/* confdefs.h */
#define PACKAGE_NAME "Protocol Buffers"
#define PACKAGE_TARNAME "protobuf"
#define PACKAGE_VERSION "3.19.4"
#define PACKAGE_STRING "Protocol Buffers 3.19.4"
#define PACKAGE_BUGREPORT "protobuf@googlegroups.com"
#define PACKAGE_URL ""
#define PACKAGE "protobuf"
#define VERSION "3.19.4"
#define HAVE_STDIO_H 1
#define HAVE_STDLIB_H 1
#define HAVE_STRING_H 1
#define HAVE_INTTYPES_H 1
#define HAVE_STDINT_H 1
#define HAVE_STRINGS_H 1
#define HAVE_SYS_STAT_H 1
#define HAVE_SYS_TYPES_H 1
#define HAVE_UNISTD_H 1
#define HAVE_WCHAR_H 1
#define STDC_HEADERS 1
#define _ALL_SOURCE 1
#define _DARWIN_C_SOURCE 1
#define _GNU_SOURCE 1
#define _HPUX_ALT_XOPEN_SOCKET_API 1
#define _NETBSD_SOURCE 1
#define _OPENBSD_SOURCE 1
#define _POSIX_PTHREAD_SEMANTICS 1
#define __STDC_WANT_IEC_60559_ATTRIBS_EXT__ 1
#define __STDC_WANT_IEC_60559_BFP_EXT__ 1
#define __STDC_WANT_IEC_60559_DFP_EXT__ 1
#define __STDC_WANT_IEC_60559_FUNCS_EXT__ 1
#define __STDC_WANT_IEC_60559_TYPES_EXT__ 1
#define __STDC_WANT_LIB_EXT2__ 1
#define __STDC_WANT_MATH_SPEC_FUNCS__ 1
#define _TANDEM_SOURCE 1
#define __EXTENSIONS__ 1
#define HAVE_DLFCN_H 1
#define LT_OBJDIR ".libs/"
#define HAVE_FCNTL_H 1
#define HAVE_INTTYPES_H 1
#define HAVE_LIMITS_H 1
#define HAVE_STDLIB_H 1
#define HAVE_UNISTD_H 1
#define HAVE_FTRUNCATE 1
#define HAVE_MEMSET 1
#define HAVE_MKDIR 1
#define HAVE_STRCHR 1
#define HAVE_STRERROR 1
#define HAVE_STRTOL 1
#define HAVE_ZLIB 1
#define HAVE_CXX11 1
#define HAVE_PTHREAD_PRIO_INHERIT 1
#define HAVE_PTHREAD 1
#define HAVE_HASH_MAP 1
#define HAVE_HASH_SET 1
#define HASH_MAP_H <unordered_map>
#define HASH_SET_H <unordered_set>
#define HASH_NAMESPACE std
#define HASH_MAP_CLASS unordered_map
#define HASH_SET_CLASS unordered_set

configure: exit 0
